\BOOKMARK [1][-]{section.1}{Introduction}{}% 1
\BOOKMARK [1][-]{section.2}{Model}{}% 2
\BOOKMARK [2][-]{subsection.2.1}{Population and Endowments}{section.2}% 3
\BOOKMARK [2][-]{subsection.2.2}{Technologies}{section.2}% 4
\BOOKMARK [2][-]{subsection.2.3}{Abilities and Distortions}{section.2}% 5
\BOOKMARK [2][-]{subsection.2.4}{Occupational Choice}{section.2}% 6
\BOOKMARK [3][-]{subsubsection.2.4.1}{Teachers and Class Size}{subsection.2.4}% 7
\BOOKMARK [3][-]{subsubsection.2.4.2}{Student-Teacher Matching}{subsection.2.4}% 8
\BOOKMARK [2][-]{subsection.2.5}{Values}{section.2}% 9
\BOOKMARK [1][-]{section.3}{Equilibrium}{}% 10
\BOOKMARK [1][-]{section.4}{Data}{}% 11
\BOOKMARK [2][-]{subsection.4.1}{Project TALENT}{section.4}% 12
\BOOKMARK [2][-]{subsection.4.2}{NLSY79 and NLSY97}{section.4}% 13
\BOOKMARK [1][-]{section.5}{Decentralized Competitive Equilibrium \(No Frictions\) }{}% 14
\BOOKMARK [1][-]{section.6}{Decentralized Competitive Equilibrium with Educational Barriers and Labor Market Discrimination}{}% 15
\BOOKMARK [1][-]{section.7}{Model Extension with L > 1 Locations}{}% 16
\BOOKMARK [1][-]{section.8}{Quantitative Analysis}{}% 17
\BOOKMARK [2][-]{subsection.8.1}{Calibration Strategy}{section.8}% 18
\BOOKMARK [2][-]{subsection.8.2}{Counterfactual Experiments}{section.8}% 19
\BOOKMARK [1][-]{section.9}{Conclusion}{}% 20
