This is pdfTeX, Version 3.141592653-2.6-1.40.22 (TeX Live 2021) (preloaded format=pdflatex 2022.3.29)  31 AUG 2025 12:01
entering extended mode
 restricted \write18 enabled.
 file:line:error style messages enabled.
 %&-line parsing enabled.
**version0-15.tex
(./version0-15.tex
LaTeX2e <2020-10-01> patch level 4
L3 programming layer <2021-02-18>
(/usr/local/texlive/2021/texmf-dist/tex/latex/base/article.cls
Document Class: article 2020/04/10 v1.4m Standard LaTeX document class
(/usr/local/texlive/2021/texmf-dist/tex/latex/base/size11.clo
File: size11.clo 2020/04/10 v1.4m Standard LaTeX file (size option)
)
\c@part=\count179
\c@section=\count180
\c@subsection=\count181
\c@subsubsection=\count182
\c@paragraph=\count183
\c@subparagraph=\count184
\c@figure=\count185
\c@table=\count186
\abovecaptionskip=\skip47
\belowcaptionskip=\skip48
\bibindent=\dimen138
)
(/usr/local/texlive/2021/texmf-dist/tex/latex/frankenstein/achicago.sty
Package: achicago 2001/08/31 v1.2 Chicago Manual author-date citations

(/usr/local/texlive/2021/texmf-dist/tex/latex/frankenstein/blkcntrl.sty
Package: blkcntrl 2001/08/31 v1.2 block control

(/usr/local/texlive/2021/texmf-dist/tex/latex/frankenstein/moredefs.sty
Package: moredefs 2001/08/31 v1.8 more defining commands (Frankenstein's brain)

\sc@toks@a=\toks15
\sc@toks@b=\toks16
)
(/usr/local/texlive/2021/texmf-dist/tex/latex/relsize/relsize.sty
Package: relsize 2013/03/29 ver 4.1
))
(/usr/local/texlive/2021/texmf-dist/tex/latex/frankenstein/slemph.sty
Package: slemph 1999/02/25 v1.2 slanted emphasis (Frankenstein's gait)
LaTeX Info: Redefining \itswitch on input line 177.
LaTeX Info: Redefining \slswitch on input line 186.
LaTeX Info: Redefining \textitswitch on input line 195.
LaTeX Info: Redefining \textslswitch on input line 196.

(/usr/local/texlive/2021/texmf-dist/tex/latex/frankenstein/slemph.cfg
File: slemph.cfg 
))
(/usr/local/texlive/2021/texmf-dist/tex/latex/frankenstein/titles.sty
Package: titles 2001/08/31 v1.2 title macros (Frankenstein's references)

(/usr/local/texlive/2021/texmf-dist/tex/latex/frankenstein/titles.cfg
File: titles.cfg 
))
(/usr/local/texlive/2021/texmf-dist/tex/latex/tools/verbatim.sty
Package: verbatim 2020-07-07 v1.5u LaTeX2e package for verbatim enhancements
\every@verbatim=\toks17
\verbatim@line=\toks18
\verbatim@in@stream=\read2
)
\sc@box@a=\box47
)
(/usr/local/texlive/2021/texmf-dist/tex/latex/setspace/setspace.sty
Package: setspace 2011/12/19 v6.7a set line spacing
)
(/usr/local/texlive/2021/texmf-dist/tex/latex/psnfss/palatino.sty
Package: palatino 2020/03/25 PSNFSS-v9.3 (SPQR) 
)
(/usr/local/texlive/2021/texmf-dist/tex/latex/graphics/graphicx.sty
Package: graphicx 2020/09/09 v1.2b Enhanced LaTeX Graphics (DPC,SPQR)

(/usr/local/texlive/2021/texmf-dist/tex/latex/graphics/keyval.sty
Package: keyval 2014/10/28 v1.15 key=value parser (DPC)
\KV@toks@=\toks19
)
(/usr/local/texlive/2021/texmf-dist/tex/latex/graphics/graphics.sty
Package: graphics 2020/08/30 v1.4c Standard LaTeX Graphics (DPC,SPQR)

(/usr/local/texlive/2021/texmf-dist/tex/latex/graphics/trig.sty
Package: trig 2016/01/03 v1.10 sin cos tan (DPC)
)
(/usr/local/texlive/2021/texmf-dist/tex/latex/graphics-cfg/graphics.cfg
File: graphics.cfg 2016/06/04 v1.11 sample graphics configuration
)
Package graphics Info: Driver file: pdftex.def on input line 105.

(/usr/local/texlive/2021/texmf-dist/tex/latex/graphics-def/pdftex.def
File: pdftex.def 2020/10/05 v1.2a Graphics/color driver for pdftex
))
\Gin@req@height=\dimen139
\Gin@req@width=\dimen140
)
(/usr/local/texlive/2021/texmf-dist/tex/latex/amsmath/amsmath.sty
Package: amsmath 2020/09/23 v2.17i AMS math features
\@mathmargin=\skip49

For additional information on amsmath, use the `?' option.
(/usr/local/texlive/2021/texmf-dist/tex/latex/amsmath/amstext.sty
Package: amstext 2000/06/29 v2.01 AMS text

(/usr/local/texlive/2021/texmf-dist/tex/latex/amsmath/amsgen.sty
File: amsgen.sty 1999/11/30 v2.0 generic functions
\@emptytoks=\toks20
\ex@=\dimen141
))
(/usr/local/texlive/2021/texmf-dist/tex/latex/amsmath/amsbsy.sty
Package: amsbsy 1999/11/29 v1.2d Bold Symbols
\pmbraise@=\dimen142
)
(/usr/local/texlive/2021/texmf-dist/tex/latex/amsmath/amsopn.sty
Package: amsopn 2016/03/08 v2.02 operator names
)
\inf@bad=\count187
LaTeX Info: Redefining \frac on input line 234.
\uproot@=\count188
\leftroot@=\count189
LaTeX Info: Redefining \overline on input line 399.
\classnum@=\count190
\DOTSCASE@=\count191
LaTeX Info: Redefining \ldots on input line 496.
LaTeX Info: Redefining \dots on input line 499.
LaTeX Info: Redefining \cdots on input line 620.
\Mathstrutbox@=\box48
\strutbox@=\box49
\big@size=\dimen143
LaTeX Font Info:    Redeclaring font encoding OML on input line 743.
LaTeX Font Info:    Redeclaring font encoding OMS on input line 744.
\macc@depth=\count192
\c@MaxMatrixCols=\count193
\dotsspace@=\muskip16
\c@parentequation=\count194
\dspbrk@lvl=\count195
\tag@help=\toks21
\row@=\count196
\column@=\count197
\maxfields@=\count198
\andhelp@=\toks22
\eqnshift@=\dimen144
\alignsep@=\dimen145
\tagshift@=\dimen146
\tagwidth@=\dimen147
\totwidth@=\dimen148
\lineht@=\dimen149
\@envbody=\toks23
\multlinegap=\skip50
\multlinetaggap=\skip51
\mathdisplay@stack=\toks24
LaTeX Info: Redefining \[ on input line 2923.
LaTeX Info: Redefining \] on input line 2924.
)
(/usr/local/texlive/2021/texmf-dist/tex/latex/amsfonts/amssymb.sty
Package: amssymb 2013/01/14 v3.01 AMS font symbols

(/usr/local/texlive/2021/texmf-dist/tex/latex/amsfonts/amsfonts.sty
Package: amsfonts 2013/01/14 v3.01 Basic AMSFonts support
\symAMSa=\mathgroup4
\symAMSb=\mathgroup5
LaTeX Font Info:    Redeclaring math symbol \hbar on input line 98.
LaTeX Font Info:    Overwriting math alphabet `\mathfrak' in version `bold'
(Font)                  U/euf/m/n --> U/euf/b/n on input line 106.
))
(/usr/local/texlive/2021/texmf-dist/tex/latex/tools/bm.sty
Package: bm 2019/07/24 v1.2d Bold Symbol Support (DPC/FMi)
\symboldoperators=\mathgroup6
\symboldletters=\mathgroup7
\symboldsymbols=\mathgroup8
LaTeX Font Info:    Redeclaring math alphabet \mathbf on input line 141.
LaTeX Info: Redefining \bm on input line 209.
)
(/usr/local/texlive/2021/texmf-dist/tex/latex/bbm-macros/bbm.sty
Package: bbm 1999/03/15 V 1.2 provides fonts for set symbols - TH
LaTeX Font Info:    Overwriting math alphabet `\mathbbm' in version `bold'
(Font)                  U/bbm/m/n --> U/bbm/bx/n on input line 33.
LaTeX Font Info:    Overwriting math alphabet `\mathbbmss' in version `bold'
(Font)                  U/bbmss/m/n --> U/bbmss/bx/n on input line 35.
)
(/usr/local/texlive/2021/texmf-dist/tex/latex/footmisc/footmisc.sty
Package: footmisc 2011/06/06 v5.5b a miscellany of footnote facilities
\FN@temptoken=\toks25
\footnotemargin=\dimen150
\c@pp@next@reset=\count199
Package footmisc Info: Declaring symbol style bringhurst on input line 855.
Package footmisc Info: Declaring symbol style chicago on input line 863.
Package footmisc Info: Declaring symbol style wiley on input line 872.
Package footmisc Info: Declaring symbol style lamport-robust on input line 883.

Package footmisc Info: Declaring symbol style lamport* on input line 903.
Package footmisc Info: Declaring symbol style lamport*-robust on input line 924
.
)
(/usr/local/texlive/2021/texmf-dist/tex/latex/booktabs/booktabs.sty
Package: booktabs 2020/01/12 v1.61803398 Publication quality tables
\heavyrulewidth=\dimen151
\lightrulewidth=\dimen152
\cmidrulewidth=\dimen153
\belowrulesep=\dimen154
\belowbottomsep=\dimen155
\aboverulesep=\dimen156
\abovetopsep=\dimen157
\cmidrulesep=\dimen158
\cmidrulekern=\dimen159
\defaultaddspace=\dimen160
\@cmidla=\count266
\@cmidlb=\count267
\@aboverulesep=\dimen161
\@belowrulesep=\dimen162
\@thisruleclass=\count268
\@lastruleclass=\count269
\@thisrulewidth=\dimen163
)
(/usr/local/texlive/2021/texmf-dist/tex/latex/tools/enumerate.sty
Package: enumerate 2015/07/23 v3.00 enumerate extensions (DPC)
\@enLab=\toks26
)
(/usr/local/texlive/2021/texmf-dist/tex/latex/hyperref/hyperref.sty
Package: hyperref 2021-02-27 v7.00k Hypertext links for LaTeX

(/usr/local/texlive/2021/texmf-dist/tex/generic/ltxcmds/ltxcmds.sty
Package: ltxcmds 2020-05-10 v1.25 LaTeX kernel commands for general use (HO)
)
(/usr/local/texlive/2021/texmf-dist/tex/generic/iftex/iftex.sty
Package: iftex 2020/03/06 v1.0d TeX engine tests
)
(/usr/local/texlive/2021/texmf-dist/tex/generic/pdftexcmds/pdftexcmds.sty
Package: pdftexcmds 2020-06-27 v0.33 Utility functions of pdfTeX for LuaTeX (HO
)

(/usr/local/texlive/2021/texmf-dist/tex/generic/infwarerr/infwarerr.sty
Package: infwarerr 2019/12/03 v1.5 Providing info/warning/error messages (HO)
)
Package pdftexcmds Info: \pdf@primitive is available.
Package pdftexcmds Info: \pdf@ifprimitive is available.
Package pdftexcmds Info: \pdfdraftmode found.
)
(/usr/local/texlive/2021/texmf-dist/tex/generic/kvsetkeys/kvsetkeys.sty
Package: kvsetkeys 2019/12/15 v1.18 Key value parser (HO)
)
(/usr/local/texlive/2021/texmf-dist/tex/generic/kvdefinekeys/kvdefinekeys.sty
Package: kvdefinekeys 2019-12-19 v1.6 Define keys (HO)
)
(/usr/local/texlive/2021/texmf-dist/tex/generic/pdfescape/pdfescape.sty
Package: pdfescape 2019/12/09 v1.15 Implements pdfTeX's escape features (HO)
)
(/usr/local/texlive/2021/texmf-dist/tex/latex/hycolor/hycolor.sty
Package: hycolor 2020-01-27 v1.10 Color options for hyperref/bookmark (HO)
)
(/usr/local/texlive/2021/texmf-dist/tex/latex/letltxmacro/letltxmacro.sty
Package: letltxmacro 2019/12/03 v1.6 Let assignment for LaTeX macros (HO)
)
(/usr/local/texlive/2021/texmf-dist/tex/latex/auxhook/auxhook.sty
Package: auxhook 2019-12-17 v1.6 Hooks for auxiliary files (HO)
)
(/usr/local/texlive/2021/texmf-dist/tex/latex/kvoptions/kvoptions.sty
Package: kvoptions 2020-10-07 v3.14 Key value format for package options (HO)
)
\@linkdim=\dimen164
\Hy@linkcounter=\count270
\Hy@pagecounter=\count271

(/usr/local/texlive/2021/texmf-dist/tex/latex/hyperref/pd1enc.def
File: pd1enc.def 2021-02-27 v7.00k Hyperref: PDFDocEncoding definition (HO)
Now handling font encoding PD1 ...
... no UTF-8 mapping file for font encoding PD1
)
(/usr/local/texlive/2021/texmf-dist/tex/latex/hyperref/hyperref-langpatches.def
File: hyperref-langpatches.def 2021-02-27 v7.00k Hyperref: patches for babel la
nguages
) (/usr/local/texlive/2021/texmf-dist/tex/generic/intcalc/intcalc.sty
Package: intcalc 2019/12/15 v1.3 Expandable calculations with integers (HO)
)
(/usr/local/texlive/2021/texmf-dist/tex/generic/etexcmds/etexcmds.sty
Package: etexcmds 2019/12/15 v1.7 Avoid name clashes with e-TeX commands (HO)
)
\Hy@SavedSpaceFactor=\count272

(/usr/local/texlive/2021/texmf-dist/tex/latex/hyperref/puenc.def
File: puenc.def 2021-02-27 v7.00k Hyperref: PDF Unicode definition (HO)
Now handling font encoding PU ...
... no UTF-8 mapping file for font encoding PU
)
Package hyperref Info: Option `breaklinks' set `true' on input line 4073.
Package hyperref Info: Hyper figures OFF on input line 4192.
Package hyperref Info: Link nesting OFF on input line 4197.
Package hyperref Info: Hyper index ON on input line 4200.
Package hyperref Info: Plain pages OFF on input line 4207.
Package hyperref Info: Backreferencing OFF on input line 4212.
Package hyperref Info: Implicit mode ON; LaTeX internals redefined.
Package hyperref Info: Bookmarks ON on input line 4445.
\c@Hy@tempcnt=\count273

(/usr/local/texlive/2021/texmf-dist/tex/latex/url/url.sty
\Urlmuskip=\muskip17
Package: url 2013/09/16  ver 3.4  Verb mode for urls, etc.
)
LaTeX Info: Redefining \url on input line 4804.
\XeTeXLinkMargin=\dimen165

(/usr/local/texlive/2021/texmf-dist/tex/generic/bitset/bitset.sty
Package: bitset 2019/12/09 v1.3 Handle bit-vector datatype (HO)

(/usr/local/texlive/2021/texmf-dist/tex/generic/bigintcalc/bigintcalc.sty
Package: bigintcalc 2019/12/15 v1.5 Expandable calculations on big integers (HO
)
))
\Fld@menulength=\count274
\Field@Width=\dimen166
\Fld@charsize=\dimen167
Package hyperref Info: Hyper figures OFF on input line 6075.
Package hyperref Info: Link nesting OFF on input line 6080.
Package hyperref Info: Hyper index ON on input line 6083.
Package hyperref Info: backreferencing OFF on input line 6090.
Package hyperref Info: Link coloring OFF on input line 6095.
Package hyperref Info: Link coloring with OCG OFF on input line 6100.
Package hyperref Info: PDF/A mode OFF on input line 6105.
LaTeX Info: Redefining \ref on input line 6145.
LaTeX Info: Redefining \pageref on input line 6149.

(/usr/local/texlive/2021/texmf-dist/tex/latex/base/atbegshi-ltx.sty
Package: atbegshi-ltx 2020/08/17 v1.0a Emulation of the original atbegshi packa
ge
with kernel methods
)
\Hy@abspage=\count275
\c@Item=\count276
\c@Hfootnote=\count277
)
Package hyperref Info: Driver (autodetected): hpdftex.

(/usr/local/texlive/2021/texmf-dist/tex/latex/hyperref/hpdftex.def
File: hpdftex.def 2021-02-27 v7.00k Hyperref driver for pdfTeX

(/usr/local/texlive/2021/texmf-dist/tex/latex/base/atveryend-ltx.sty
Package: atveryend-ltx 2020/08/19 v1.0a Emulation of the original atvery packag
e
with kernel methods
)
\Fld@listcount=\count278
\c@bookmark@seq@number=\count279

(/usr/local/texlive/2021/texmf-dist/tex/latex/rerunfilecheck/rerunfilecheck.sty
Package: rerunfilecheck 2019/12/05 v1.9 Rerun checks for auxiliary files (HO)

(/usr/local/texlive/2021/texmf-dist/tex/generic/uniquecounter/uniquecounter.sty
Package: uniquecounter 2019/12/15 v1.4 Provide unlimited unique counter (HO)
)
Package uniquecounter Info: New unique counter `rerunfilecheck' on input line 2
86.
)
\Hy@SectionHShift=\skip52
) (/usr/local/texlive/2021/texmf-dist/tex/latex/natbib/natbib.sty
Package: natbib 2010/09/13 8.31b (PWD, AO)
\bibhang=\skip53
\bibsep=\skip54
LaTeX Info: Redefining \cite on input line 694.
LaTeX Info: Redefining \citeyear on input line 735.
\c@NAT@ctr=\count280
)
(/usr/local/texlive/2021/texmf-dist/tex/latex/pstricks/pstricks.sty
Package: pstricks 2020/06/11 v0.70 LaTeX wrapper for `PSTricks' (RN,HV)

(/usr/local/texlive/2021/texmf-dist/tex/latex/xcolor/xcolor.sty
Package: xcolor 2016/05/11 v2.12 LaTeX color extensions (UK)

(/usr/local/texlive/2021/texmf-dist/tex/latex/graphics-cfg/color.cfg
File: color.cfg 2016/01/02 v1.6 sample color configuration
)
Package xcolor Info: Package option `usenames' ignored on input line 216.
Package xcolor Info: Driver file: pdftex.def on input line 225.
Package xcolor Info: Model `cmy' substituted by `cmy0' on input line 1348.
Package xcolor Info: Model `hsb' substituted by `rgb' on input line 1352.
Package xcolor Info: Model `RGB' extended on input line 1364.
Package xcolor Info: Model `HTML' substituted by `rgb' on input line 1366.
Package xcolor Info: Model `Hsb' substituted by `hsb' on input line 1367.
Package xcolor Info: Model `tHsb' substituted by `hsb' on input line 1368.
Package xcolor Info: Model `HSB' substituted by `hsb' on input line 1369.
Package xcolor Info: Model `Gray' substituted by `gray' on input line 1370.
Package xcolor Info: Model `wave' substituted by `hsb' on input line 1371.

(/usr/local/texlive/2021/texmf-dist/tex/latex/graphics/dvipsnam.def
File: dvipsnam.def 2016/06/17 v3.0m Driver-dependent file (DPC,SPQR)
))
(/usr/local/texlive/2021/texmf-dist/tex/generic/xkeyval/pst-xkey.tex
File: pst-xkey.tex 2005/11/25 v1.6 PSTricks specialization of xkeyval (HA)

(/usr/local/texlive/2021/texmf-dist/tex/latex/xkeyval/xkeyval.sty
Package: xkeyval 2020/11/20 v2.8 package option processing (HA)

(/usr/local/texlive/2021/texmf-dist/tex/generic/xkeyval/xkeyval.tex
(/usr/local/texlive/2021/texmf-dist/tex/generic/xkeyval/xkvutils.tex
\XKV@toks=\toks27
\XKV@tempa@toks=\toks28
)
\XKV@depth=\count281
File: xkeyval.tex 2014/12/03 v2.7a key=value parser (HA)
)))
(/usr/local/texlive/2021/texmf-dist/tex/generic/pstricks/pstricks.tex
(/usr/local/texlive/2021/texmf-dist/tex/generic/pstricks/pst-fp.tex
`pst-fp' v0.05, 2010/01/17 (hv)
\pstFP@xs=\count282
\pstFP@xia=\count283
\pstFP@xib=\count284
\pstFP@xfa=\count285
\pstFP@xfb=\count286
\pstFP@rega=\count287
\pstFP@regb=\count288
\pstFP@regs=\count289
\pstFP@times=\count290
)
(/usr/local/texlive/2021/texmf-dist/tex/generic/pgf/utilities/pgfutil-common.te
x
\pgfutil@everybye=\toks29
\pgfutil@tempdima=\dimen168
\pgfutil@tempdimb=\dimen169

(/usr/local/texlive/2021/texmf-dist/tex/generic/pgf/utilities/pgfutil-common-li
sts.tex))
(/usr/local/texlive/2021/texmf-dist/tex/generic/pgf/utilities/pgfkeys.code.tex
\pgfkeys@pathtoks=\toks30
\pgfkeys@temptoks=\toks31

(/usr/local/texlive/2021/texmf-dist/tex/generic/pgf/utilities/pgfkeysfiltered.c
ode.tex
\pgfkeys@tmptoks=\toks32
))
(/usr/local/texlive/2021/texmf-dist/tex/generic/pgf/utilities/pgffor.code.tex
Loading pgffor.code.tex
(/usr/local/texlive/2021/texmf-dist/tex/generic/pgf/math/pgfmath.code.tex
(/usr/local/texlive/2021/texmf-dist/tex/generic/pgf/math/pgfmathcalc.code.tex
(/usr/local/texlive/2021/texmf-dist/tex/generic/pgf/math/pgfmathutil.code.tex
\pgf@x=\dimen170
\pgf@xa=\dimen171
\pgf@xb=\dimen172
\pgf@xc=\dimen173
\pgf@y=\dimen174
\pgf@ya=\dimen175
\pgf@yb=\dimen176
\pgf@yc=\dimen177
\c@pgf@counta=\count291
\c@pgf@countb=\count292
\c@pgf@countc=\count293
\c@pgf@countd=\count294
\pgfutil@tempcnta=\count295
\pgfutil@tempcntb=\count296
)
(/usr/local/texlive/2021/texmf-dist/tex/generic/pgf/math/pgfmathparser.code.tex
\pgfmath@dimen=\dimen178
\pgfmath@count=\count297
\pgfmath@box=\box50
\pgfmath@toks=\toks33
\pgfmath@stack@operand=\toks34
\pgfmath@stack@operation=\toks35
)
(/usr/local/texlive/2021/texmf-dist/tex/generic/pgf/math/pgfmathfunctions.code.
tex
(/usr/local/texlive/2021/texmf-dist/tex/generic/pgf/math/pgfmathfunctions.basic
.code.tex)
(/usr/local/texlive/2021/texmf-dist/tex/generic/pgf/math/pgfmathfunctions.trigo
nometric.code.tex)
(/usr/local/texlive/2021/texmf-dist/tex/generic/pgf/math/pgfmathfunctions.rando
m.code.tex)
(/usr/local/texlive/2021/texmf-dist/tex/generic/pgf/math/pgfmathfunctions.compa
rison.code.tex)
(/usr/local/texlive/2021/texmf-dist/tex/generic/pgf/math/pgfmathfunctions.base.
code.tex)
(/usr/local/texlive/2021/texmf-dist/tex/generic/pgf/math/pgfmathfunctions.round
.code.tex)
(/usr/local/texlive/2021/texmf-dist/tex/generic/pgf/math/pgfmathfunctions.misc.
code.tex)
(/usr/local/texlive/2021/texmf-dist/tex/generic/pgf/math/pgfmathfunctions.integ
erarithmetics.code.tex)))
(/usr/local/texlive/2021/texmf-dist/tex/generic/pgf/math/pgfmathfloat.code.tex
\c@pgfmathroundto@lastzeros=\count298
))
\pgffor@iter=\dimen179
\pgffor@skip=\dimen180
\pgffor@stack=\toks36
\pgffor@toks=\toks37
)
\psLoopIndex=\count299

`PSTricks' v3.01  <2020/09/18> (tvz,hv)
\pst@dima=\dimen181
\pst@dimb=\dimen182
\pst@dimc=\dimen183
\pst@dimd=\dimen184
\pst@dimg=\dimen185
\pst@dimh=\dimen186
\pst@dimm=\dimen187
\pst@dimn=\dimen188
\pst@dimo=\dimen189
\pst@dimp=\dimen190
\pst@hbox=\box51
\pst@ibox=\box52
\pst@boxg=\box53
\pst@cnta=\count300
\pst@cntb=\count301
\pst@cntc=\count302
\pst@cntd=\count303
\pst@cntg=\count304
\pst@cnth=\count305
\pst@cntm=\count306
\pst@cntn=\count307
\pst@cnto=\count308
\pst@cntp=\count309
\@zero=\count310
\pst@toks=\toks38
(/usr/local/texlive/2021/texmf-dist/tex/generic/pstricks/pstricks.con)
\psunit=\dimen191
\psxunit=\dimen192
\psyunit=\dimen193
\pst@C@@rType=\count311
\pslinewidth=\dimen194
\psk@startLW=\dimen195
\psk@endLW=\dimen196
\pst@customdefs=\toks39
\pslinearc=\dimen197
\pst@symbolStep=\dimen198
\pst@symbolWidth=\dimen199
\pst@symbolLinewidth=\dimen256
\everypsbox=\toks40
\psframesep=\dimen257
\pslabelsep=\dimen258
\sh@wgridXunit=\dimen259
\sh@wgridYunit=\dimen260
\pst@shift=\dimen261
)
File: pstricks.tex 2020/09/18 v3.01 `PSTricks' (tvz,hv)

(/usr/local/texlive/2021/texmf-dist/tex/generic/pstricks/pst-fp.tex)
File: pst-fp.tex 2020/09/18 v3.01 `PST-fp' (hv)
)
(/usr/local/texlive/2021/texmf-dist/tex/latex/multirow/multirow.sty
Package: multirow 2021/03/15 v2.8 Span multiple rows of a table
\multirow@colwidth=\skip55
\multirow@cntb=\count312
\multirow@dima=\skip56
\bigstrutjot=\dimen262
)
(/usr/local/texlive/2021/texmf-dist/tex/latex/graphics/epsfig.sty
Package: epsfig 2017/06/25 v1.7b (e)psfig emulation (SPQR)
\epsfxsize=\dimen263
\epsfysize=\dimen264
)
(/usr/local/texlive/2021/texmf-dist/tex/latex/caption/caption.sty
Package: caption 2020/10/26 v3.5g Customizing captions (AR)

(/usr/local/texlive/2021/texmf-dist/tex/latex/caption/caption3.sty
Package: caption3 2020/10/21 v2.2e caption3 kernel (AR)
\captionmargin=\dimen265
\captionmargin@=\dimen266
\captionwidth=\dimen267
\caption@tempdima=\dimen268
\caption@indent=\dimen269
\caption@parindent=\dimen270
\caption@hangindent=\dimen271
Package caption Info: Standard document class detected.
)
\c@caption@flags=\count313
\c@continuedfloat=\count314
Package caption Info: hyperref package is loaded.
)
(/usr/local/texlive/2021/texmf-dist/tex/latex/caption/subcaption.sty
Package: subcaption 2020/10/07 v1.3j Sub-captions (AR)
\c@subfigure=\count315
\c@subtable=\count316
)
(/usr/local/texlive/2021/texmf-dist/tex/latex/graphics/lscape.sty
Package: lscape 2020/05/28 v3.02 Landscape Pages (DPC)
)
(/usr/local/texlive/2021/texmf-dist/tex/latex/graphics/rotating.sty
Package: rotating 2016/08/11 v2.16d rotated objects in LaTeX

(/usr/local/texlive/2021/texmf-dist/tex/latex/base/ifthen.sty
Package: ifthen 2014/09/29 v1.1c Standard LaTeX ifthen package (DPC)
)
\c@r@tfl@t=\count317
\rotFPtop=\skip57
\rotFPbot=\skip58
\rot@float@box=\box54
\rot@mess@toks=\toks41
)
(/usr/local/texlive/2021/texmf-dist/tex/latex/l3packages/xfrac/xfrac.sty
(/usr/local/texlive/2021/texmf-dist/tex/latex/l3kernel/expl3.sty
Package: expl3 2021-02-18 L3 programming layer (loader) 

(/usr/local/texlive/2021/texmf-dist/tex/latex/l3backend/l3backend-pdftex.def
File: l3backend-pdftex.def 2021-03-18 L3 backend support: PDF output (pdfTeX)
\l__color_backend_stack_int=\count318
\l__pdf_internal_box=\box55
))
(/usr/local/texlive/2021/texmf-dist/tex/latex/l3packages/l3keys2e/l3keys2e.sty
Package: l3keys2e 2021-03-12 LaTeX2e option processing using LaTeX3 keys
) (/usr/local/texlive/2021/texmf-dist/tex/latex/base/textcomp.sty
Package: textcomp 2020/02/02 v2.0n Standard LaTeX package
)
(/usr/local/texlive/2021/texmf-dist/tex/latex/l3packages/xparse/xparse.sty
(/usr/local/texlive/2021/texmf-dist/tex/latex/l3packages/xparse/xparse-2020-10-
01.sty
(/usr/local/texlive/2021/texmf-dist/tex/latex/l3packages/xparse/xparse-generic.
tex)))
(/usr/local/texlive/2021/texmf-dist/tex/latex/l3packages/xtemplate/xtemplate.st
y
Package: xtemplate 2021-03-12 L3 Experimental prototype document functions
\l__xtemplate_tmp_dim=\dimen272
\l__xtemplate_tmp_int=\count319
\l__xtemplate_tmp_muskip=\muskip18
\l__xtemplate_tmp_skip=\skip59
)
Package: xfrac 2021-03-12 L3 Experimental split-level fractions
\l__xfrac_slash_box=\box56
\l__xfrac_tmp_box=\box57
\l__xfrac_denominator_bot_sep_dim=\dimen273
\l__xfrac_numerator_bot_sep_dim=\dimen274
\l__xfrac_numerator_top_sep_dim=\dimen275
\l__xfrac_slash_left_sep_dim=\dimen276
\l__xfrac_slash_right_sep_dim=\dimen277
\l__xfrac_slash_left_muskip=\muskip19
\l__xfrac_slash_right_muskip=\muskip20

Package xtemplate Info: Declaring object type 'xfrac' taking 3 argument(s) on
(xtemplate)             line 80.

) (/usr/local/texlive/2021/texmf-dist/tex/latex/doublestroke/dsfont.sty
Package: dsfont 1995/08/01 v0.1 Double stroke roman fonts
)
(/usr/local/texlive/2021/texmf-dist/tex/latex/geometry/geometry.sty
Package: geometry 2020/01/02 v5.9 Page Geometry

(/usr/local/texlive/2021/texmf-dist/tex/generic/iftex/ifvtex.sty
Package: ifvtex 2019/10/25 v1.7 ifvtex legacy package. Use iftex instead.
)
\Gm@cnth=\count320
\Gm@cntv=\count321
\c@Gm@tempcnt=\count322
\Gm@bindingoffset=\dimen278
\Gm@wd@mp=\dimen279
\Gm@odd@mp=\dimen280
\Gm@even@mp=\dimen281
\Gm@layoutwidth=\dimen282
\Gm@layoutheight=\dimen283
\Gm@layouthoffset=\dimen284
\Gm@layoutvoffset=\dimen285
\Gm@dimlist=\toks42
)
(/usr/local/texlive/2021/texmf-dist/tex/latex/pdflscape/pdflscape.sty
Package: pdflscape 2019/12/05 v0.12 Display of landscape pages in PDF (HO)
Package pdflscape Info: Auto-detected driver: pdftex on input line 81.
)
\c@as=\count323
\c@conjecture=\count324
\c@corr=\count325
\c@df=\count326
\c@lemma=\count327
\c@prp=\count328
\c@clm=\count329
\c@rmk=\count330
Package hyperref Info: Option `colorlinks' set `true' on input line 39.
LaTeX Font Info:    Trying to load font information for OT1+ppl on input line 4
3.

(/usr/local/texlive/2021/texmf-dist/tex/latex/psnfss/ot1ppl.fd
File: ot1ppl.fd 2001/06/04 font definitions for OT1/ppl.
)
(./version0-15.aux

LaTeX Warning: Label ` ' multiply defined.


LaTeX Warning: Label `eq:bc' multiply defined.


LaTeX Warning: Label `fig:nlsy79math' multiply defined.


LaTeX Warning: Label `sub@fig:nlsy79math' multiply defined.


LaTeX Warning: Label `fig:nlsy79word' multiply defined.


LaTeX Warning: Label `sub@fig:nlsy79word' multiply defined.


LaTeX Warning: Label `fig:nlsy97math' multiply defined.


LaTeX Warning: Label `sub@fig:nlsy97math' multiply defined.


LaTeX Warning: Label `fig:nlsy97wprd' multiply defined.


LaTeX Warning: Label `sub@fig:nlsy97wprd' multiply defined.


LaTeX Warning: Label `fig:nlsy79math' multiply defined.


LaTeX Warning: Label `sub@fig:nlsy79math' multiply defined.


LaTeX Warning: Label `fig:nlsy79word' multiply defined.


LaTeX Warning: Label `sub@fig:nlsy79word' multiply defined.


LaTeX Warning: Label `eq:foc-e' multiply defined.


LaTeX Warning: Label `eq:foc-s' multiply defined.


LaTeX Warning: Label `eq:occChoice' multiply defined.

)
\openout1 = `version0-15.aux'.

LaTeX Font Info:    Checking defaults for OML/cmm/m/it on input line 43.
LaTeX Font Info:    ... okay on input line 43.
LaTeX Font Info:    Checking defaults for OMS/cmsy/m/n on input line 43.
LaTeX Font Info:    ... okay on input line 43.
LaTeX Font Info:    Checking defaults for OT1/cmr/m/n on input line 43.
LaTeX Font Info:    ... okay on input line 43.
LaTeX Font Info:    Checking defaults for T1/cmr/m/n on input line 43.
LaTeX Font Info:    ... okay on input line 43.
LaTeX Font Info:    Checking defaults for TS1/cmr/m/n on input line 43.
LaTeX Font Info:    ... okay on input line 43.
LaTeX Font Info:    Checking defaults for OMX/cmex/m/n on input line 43.
LaTeX Font Info:    ... okay on input line 43.
LaTeX Font Info:    Checking defaults for U/cmr/m/n on input line 43.
LaTeX Font Info:    ... okay on input line 43.
LaTeX Font Info:    Checking defaults for PD1/pdf/m/n on input line 43.
LaTeX Font Info:    ... okay on input line 43.
LaTeX Font Info:    Checking defaults for PU/pdf/m/n on input line 43.
LaTeX Font Info:    ... okay on input line 43.
 (/usr/local/texlive/2021/texmf-dist/tex/context/base/mkii/supp-pdf.mkii
[Loading MPS to PDF converter (version 2006.09.02).]
\scratchcounter=\count331
\scratchdimen=\dimen286
\scratchbox=\box58
\nofMPsegments=\count332
\nofMParguments=\count333
\everyMPshowfont=\toks43
\MPscratchCnt=\count334
\MPscratchDim=\dimen287
\MPnumerator=\count335
\makeMPintoPDFobject=\count336
\everyMPtoPDFconversion=\toks44
) (/usr/local/texlive/2021/texmf-dist/tex/latex/epstopdf-pkg/epstopdf-base.sty
Package: epstopdf-base 2020-01-24 v2.11 Base part for package epstopdf
Package epstopdf-base Info: Redefining graphics rule for `.eps' on input line 4
85.

(/usr/local/texlive/2021/texmf-dist/tex/latex/latexconfig/epstopdf-sys.cfg
File: epstopdf-sys.cfg 2010/07/13 v1.3 Configuration of (r)epstopdf for TeX Liv
e
))
Package hyperref Info: Link coloring ON on input line 43.

(/usr/local/texlive/2021/texmf-dist/tex/latex/hyperref/nameref.sty
Package: nameref 2021-04-02 v2.47 Cross-referencing by name of section

(/usr/local/texlive/2021/texmf-dist/tex/latex/refcount/refcount.sty
Package: refcount 2019/12/15 v3.6 Data extraction from label references (HO)
)
(/usr/local/texlive/2021/texmf-dist/tex/generic/gettitlestring/gettitlestring.s
ty
Package: gettitlestring 2019/12/15 v1.6 Cleanup title references (HO)
)
\c@section@level=\count337
)
LaTeX Info: Redefining \ref on input line 43.
LaTeX Info: Redefining \pageref on input line 43.
LaTeX Info: Redefining \nameref on input line 43.
 (./version0-15.out) (./version0-15.out)
\@outlinefile=\write3
\openout3 = `version0-15.out'.

Package caption Info: Begin \AtBeginDocument code.
Package caption Info: rotating package is loaded.
Package caption Info: End \AtBeginDocument code.

*geometry* driver: auto-detecting
*geometry* detected driver: pdftex
*geometry* verbose mode - [ preamble ] result:
* driver: pdftex
* paper: <default>
* layout: <same size as paper>
* layoutoffset:(h,v)=(0.0pt,0.0pt)
* modes: 
* h-part:(L,W,R)=(92.14519pt, 430.00462pt, 92.14519pt)
* v-part:(T,H,B)=(95.39737pt, 556.47656pt, 143.09605pt)
* \paperwidth=614.295pt
* \paperheight=794.96999pt
* \textwidth=448.1309pt
* \textheight=617.42471pt
* \oddsidemargin=14.22636pt
* \evensidemargin=14.22636pt
* \topmargin=-22.76219pt
* \headheight=12.0pt
* \headsep=25.0pt
* \topskip=11.0pt
* \footskip=30.0pt
* \marginparwidth=59.0pt
* \marginparsep=10.0pt
* \columnsep=10.0pt
* \skip\footins=10.0pt plus 4.0pt minus 2.0pt
* \hoffset=0.0pt
* \voffset=0.0pt
* \mag=1000
* \@twocolumnfalse
* \@twosidefalse
* \@mparswitchfalse
* \@reversemarginfalse
* (1in=72.27pt=25.4mm, 1cm=28.453pt)

LaTeX Font Info:    Trying to load font information for U+msa on input line 51.

(/usr/local/texlive/2021/texmf-dist/tex/latex/amsfonts/umsa.fd
File: umsa.fd 2013/01/14 v3.01 AMS symbols A
)
LaTeX Font Info:    Trying to load font information for U+msb on input line 51.


(/usr/local/texlive/2021/texmf-dist/tex/latex/amsfonts/umsb.fd
File: umsb.fd 2013/01/14 v3.01 AMS symbols B
)
LaTeX Font Info:    Trying to load font information for TS1+ppl on input line 5
1.

(/usr/local/texlive/2021/texmf-dist/tex/latex/psnfss/ts1ppl.fd
File: ts1ppl.fd 2001/06/04 font definitions for TS1/ppl.
) [1
Non-PDF special ignored!
<special> header=pstricks.pro
Non-PDF special ignored!
<special> header=pst-algparser.pro
Non-PDF special ignored!
<special> header=pst-tools.pro
Non-PDF special ignored!
<special> header=pst-dots.pro

Non-PDF special ignored!
<special> ps: /pssetRGBcolor /setrgbcolor load def /pssetCMYKcolor /setcmyk...
Non-PDF special ignored!
<special> ps:tx@Dict begin  gsave STV CP T /ps@rot 0 def grestore  end
Non-PDF special ignored!
<special> ps:tx@Dict begin  gsave STV CP T /ps@refangle 0.  def grestore  e...
{/usr/local/texlive/2021/texmf-var/fonts/map/pdftex/updmap/pdftex.map}]pdfTeX w
arning (ext4): destination with the same identifier (name{page.1}) has been alr
eady used, duplicate ignored
<to be read again> 
                   \relax 
l.65 	
       [1] [2] [3]
Overfull \hbox (5.13835pt too wide) in paragraph at lines 96--98
\OT1/ppl/m/n/10.95 These in-vest-ments and the cor-re-spond-ing con-sump-tion i
n the fol-low-ing pe-riod are occupation-
 []

[4] [5] [6]
LaTeX Font Info:    Trying to load font information for OT1+phv on input line 1
93.
 (/usr/local/texlive/2021/texmf-dist/tex/latex/psnfss/ot1phv.fd
File: ot1phv.fd 2020/03/25 scalable font definitions for OT1/phv.
)
[7] [8] [9] [10]
Overfull \hbox (21.00325pt too wide) in paragraph at lines 364--365
[]\OT1/ppl/m/it/10.95 The oc-cu-pa-tional choice bound-ary, de-noted $[]\OT1/cm
r/m/n/10.95 (\OML/cmm/m/it/10.95 a[]\OT1/cmr/m/n/10.95 )$\OT1/ppl/m/it/10.95 ,
 []

[11]

LaTeX Warning: `!h' float specifier changed to `!ht'.

[12]

LaTeX Warning: `!h' float specifier changed to `!ht'.

[13] [14]

pdfTeX warning: /Library/TeX/texbin/pdflatex (file ./TALENT_math_occ.pdf): PDF 
inclusion: found PDF version <1.6>, but at most version <1.5> allowed
<TALENT_math_occ.pdf, id=325, 397.485pt x 289.08pt>
File: TALENT_math_occ.pdf Graphic file (type pdf)
<use TALENT_math_occ.pdf>
Package pdftex.def Info: TALENT_math_occ.pdf  used on input line 519.
(pdftex.def)             Requested size: 219.5866pt x 159.70465pt.


pdfTeX warning: /Library/TeX/texbin/pdflatex (file ./TALENT_verb_occ.pdf): PDF 
inclusion: found PDF version <1.6>, but at most version <1.5> allowed
<TALENT_verb_occ.pdf, id=326, 397.485pt x 289.08pt>
File: TALENT_verb_occ.pdf Graphic file (type pdf)
<use TALENT_verb_occ.pdf>
Package pdftex.def Info: TALENT_verb_occ.pdf  used on input line 524.
(pdftex.def)             Requested size: 219.5866pt x 159.70465pt.


pdfTeX warning: /Library/TeX/texbin/pdflatex (file ./TALENT_math_by_gender.pdf)
: PDF inclusion: found PDF version <1.6>, but at most version <1.5> allowed
<TALENT_math_by_gender.pdf, id=327, 397.485pt x 289.08pt>
File: TALENT_math_by_gender.pdf Graphic file (type pdf)
<use TALENT_math_by_gender.pdf>
Package pdftex.def Info: TALENT_math_by_gender.pdf  used on input line 532.
(pdftex.def)             Requested size: 219.5866pt x 159.70465pt.


pdfTeX warning: /Library/TeX/texbin/pdflatex (file ./TALENT_verb_by_gender.pdf)
: PDF inclusion: found PDF version <1.6>, but at most version <1.5> allowed
<TALENT_verb_by_gender.pdf, id=328, 397.485pt x 289.08pt>
File: TALENT_verb_by_gender.pdf Graphic file (type pdf)
<use TALENT_verb_by_gender.pdf>
Package pdftex.def Info: TALENT_verb_by_gender.pdf  used on input line 537.
(pdftex.def)             Requested size: 219.5866pt x 159.70465pt.
[15 <./TALENT_math_occ.pdf> <./TALENT_verb_occ.pdf> <./TALENT_math_by_gender.pd
f> <./TALENT_verb_by_gender.pdf>]

pdfTeX warning: /Library/TeX/texbin/pdflatex (file ./iq_by_gender.pdf): PDF inc
lusion: found PDF version <1.6>, but at most version <1.5> allowed
<iq_by_gender.pdf, id=982, 397.485pt x 289.08pt>
File: iq_by_gender.pdf Graphic file (type pdf)
<use iq_by_gender.pdf>
Package pdftex.def Info: iq_by_gender.pdf  used on input line 547.
(pdftex.def)             Requested size: 219.5866pt x 159.70465pt.


pdfTeX warning: /Library/TeX/texbin/pdflatex (file ./iq_by_gen_teach.pdf): PDF 
inclusion: found PDF version <1.6>, but at most version <1.5> allowed
<iq_by_gen_teach.pdf, id=983, 397.485pt x 289.08pt>
File: iq_by_gen_teach.pdf Graphic file (type pdf)
<use iq_by_gen_teach.pdf>
Package pdftex.def Info: iq_by_gen_teach.pdf  used on input line 553.
(pdftex.def)             Requested size: 219.5866pt x 159.70465pt.
[16 <./iq_by_gender.pdf> <./iq_by_gen_teach.pdf>]

LaTeX Warning: `!h' float specifier changed to `!ht'.

[17] [18]

pdfTeX warning: /Library/TeX/texbin/pdflatex (file ./NLSY79_MK_occ.pdf): PDF in
clusion: found PDF version <1.6>, but at most version <1.5> allowed
<NLSY79_MK_occ.pdf, id=1266, 397.485pt x 289.08pt>
File: NLSY79_MK_occ.pdf Graphic file (type pdf)
<use NLSY79_MK_occ.pdf>
Package pdftex.def Info: NLSY79_MK_occ.pdf  used on input line 639.
(pdftex.def)             Requested size: 219.5866pt x 159.70465pt.


pdfTeX warning: /Library/TeX/texbin/pdflatex (file ./NLSY79_WK_occ.pdf): PDF in
clusion: found PDF version <1.6>, but at most version <1.5> allowed
<NLSY79_WK_occ.pdf, id=1267, 397.485pt x 289.08pt>
File: NLSY79_WK_occ.pdf Graphic file (type pdf)
<use NLSY79_WK_occ.pdf>
Package pdftex.def Info: NLSY79_WK_occ.pdf  used on input line 644.
(pdftex.def)             Requested size: 219.5866pt x 159.70465pt.


pdfTeX warning: /Library/TeX/texbin/pdflatex (file ./NLSY97_MK_occ.pdf): PDF in
clusion: found PDF version <1.6>, but at most version <1.5> allowed
<NLSY97_MK_occ.pdf, id=1268, 397.485pt x 289.08pt>
File: NLSY97_MK_occ.pdf Graphic file (type pdf)
<use NLSY97_MK_occ.pdf>
Package pdftex.def Info: NLSY97_MK_occ.pdf  used on input line 648.
(pdftex.def)             Requested size: 219.5866pt x 159.70465pt.


pdfTeX warning: /Library/TeX/texbin/pdflatex (file ./NLSY97_WK_occ.pdf): PDF in
clusion: found PDF version <1.6>, but at most version <1.5> allowed
<NLSY97_WK_occ.pdf, id=1269, 397.485pt x 289.08pt>
File: NLSY97_WK_occ.pdf Graphic file (type pdf)
<use NLSY97_WK_occ.pdf>
Package pdftex.def Info: NLSY97_WK_occ.pdf  used on input line 653.
(pdftex.def)             Requested size: 219.5866pt x 159.70465pt.


pdfTeX warning: /Library/TeX/texbin/pdflatex (file ./NLSY79_MK_gender.pdf): PDF
 inclusion: found PDF version <1.6>, but at most version <1.5> allowed
<NLSY79_MK_gender.pdf, id=1274, 397.485pt x 289.08pt>
File: NLSY79_MK_gender.pdf Graphic file (type pdf)
<use NLSY79_MK_gender.pdf>
Package pdftex.def Info: NLSY79_MK_gender.pdf  used on input line 679.
(pdftex.def)             Requested size: 219.5866pt x 159.70465pt.


pdfTeX warning: /Library/TeX/texbin/pdflatex (file ./NLSY79_WK_gender.pdf): PDF
 inclusion: found PDF version <1.6>, but at most version <1.5> allowed
<NLSY79_WK_gender.pdf, id=1275, 397.485pt x 289.08pt>
File: NLSY79_WK_gender.pdf Graphic file (type pdf)
<use NLSY79_WK_gender.pdf>
Package pdftex.def Info: NLSY79_WK_gender.pdf  used on input line 684.
(pdftex.def)             Requested size: 219.5866pt x 159.70465pt.


pdfTeX warning: /Library/TeX/texbin/pdflatex (file ./NLSY97_MK_gender.pdf): PDF
 inclusion: found PDF version <1.6>, but at most version <1.5> allowed
<NLSY97_MK_gender.pdf, id=1276, 397.485pt x 289.08pt>
File: NLSY97_MK_gender.pdf Graphic file (type pdf)
<use NLSY97_MK_gender.pdf>
Package pdftex.def Info: NLSY97_MK_gender.pdf  used on input line 688.
(pdftex.def)             Requested size: 219.5866pt x 159.70465pt.


pdfTeX warning: /Library/TeX/texbin/pdflatex (file ./NLSY97_WK_gender.pdf): PDF
 inclusion: found PDF version <1.6>, but at most version <1.5> allowed
<NLSY97_WK_gender.pdf, id=1277, 397.485pt x 289.08pt>
File: NLSY97_WK_gender.pdf Graphic file (type pdf)
<use NLSY97_WK_gender.pdf>
Package pdftex.def Info: NLSY97_WK_gender.pdf  used on input line 693.
(pdftex.def)             Requested size: 219.5866pt x 159.70465pt.


pdfTeX warning: /Library/TeX/texbin/pdflatex (file ./NLSY79_afqt79_gender.pdf):
 PDF inclusion: found PDF version <1.6>, but at most version <1.5> allowed
<NLSY79_afqt79_gender.pdf, id=1278, 397.485pt x 289.08pt>
File: NLSY79_afqt79_gender.pdf Graphic file (type pdf)
<use NLSY79_afqt79_gender.pdf>
Package pdftex.def Info: NLSY79_afqt79_gender.pdf  used on input line 703.
(pdftex.def)             Requested size: 219.5866pt x 159.70465pt.


pdfTeX warning: /Library/TeX/texbin/pdflatex (file ./NLSY97_afqt97_gender.pdf):
 PDF inclusion: found PDF version <1.6>, but at most version <1.5> allowed
<NLSY97_afqt97_gender.pdf, id=1279, 397.485pt x 289.08pt>
File: NLSY97_afqt97_gender.pdf Graphic file (type pdf)
<use NLSY97_afqt97_gender.pdf>
Package pdftex.def Info: NLSY97_afqt97_gender.pdf  used on input line 708.
(pdftex.def)             Requested size: 219.5866pt x 159.70465pt.
[19 <./NLSY79_MK_occ.pdf> <./NLSY79_WK_occ.pdf> <./NLSY97_MK_occ.pdf> <./NLSY97
_WK_occ.pdf>] [20 <./NLSY79_MK_gender.pdf> <./NLSY79_WK_gender.pdf> <./NLSY97_M
K_gender.pdf> <./NLSY97_WK_gender.pdf> <./NLSY79_afqt79_gender.pdf> <./NLSY97_a
fqt97_gender.pdf>] [21]
Overfull \hbox (12.60599pt too wide) in paragraph at lines 726--727
[]\OT1/ppl/m/n/10.95 Last but not least, we use these skill pro-files to projec
t the sur-vey re-spon-dents' three-dimensional
 []

[22]

LaTeX Warning: `!h' float specifier changed to `!ht'.

[23] [24] [25

]
Package epstopdf Info: Source file: <A_men_70_10.eps>
(epstopdf)                    date: 2023-08-08 09:23:14
(epstopdf)                    size: 21686 bytes
(epstopdf)             Output file: <A_men_70_10-eps-converted-to.pdf>
(epstopdf)                    date: 2023-08-08 09:23:14
(epstopdf)                    size: 17823 bytes
(epstopdf)             Command: <repstopdf --outfile=A_men_70_10-eps-converted-
to.pdf A_men_70_10.eps>
(epstopdf)             \includegraphics on input line 889.
Package epstopdf Info: Output file is already uptodate.


pdfTeX warning: /Library/TeX/texbin/pdflatex (file ./A_men_70_10-eps-converted-
to.pdf): PDF inclusion: found PDF version <1.7>, but at most version <1.5> allo
wed
<A_men_70_10-eps-converted-to.pdf, id=2536, 433.62pt x 289.08pt>
File: A_men_70_10-eps-converted-to.pdf Graphic file (type pdf)
<use A_men_70_10-eps-converted-to.pdf>
Package pdftex.def Info: A_men_70_10-eps-converted-to.pdf  used on input line 8
89.
(pdftex.def)             Requested size: 358.50609pt x 239.01443pt.
Package epstopdf Info: Source file: <tau_w_women_70_10.eps>
(epstopdf)                    date: 2023-08-08 09:23:14
(epstopdf)                    size: 21855 bytes
(epstopdf)             Output file: <tau_w_women_70_10-eps-converted-to.pdf>
(epstopdf)                    date: 2023-08-08 09:23:14
(epstopdf)                    size: 18661 bytes
(epstopdf)             Command: <repstopdf --outfile=tau_w_women_70_10-eps-conv
erted-to.pdf tau_w_women_70_10.eps>
(epstopdf)             \includegraphics on input line 899.
Package epstopdf Info: Output file is already uptodate.


pdfTeX warning: /Library/TeX/texbin/pdflatex (file ./tau_w_women_70_10-eps-conv
erted-to.pdf): PDF inclusion: found PDF version <1.7>, but at most version <1.5
> allowed
<tau_w_women_70_10-eps-converted-to.pdf, id=2538, 433.62pt x 289.08pt>
File: tau_w_women_70_10-eps-converted-to.pdf Graphic file (type pdf)
<use tau_w_women_70_10-eps-converted-to.pdf>
Package pdftex.def Info: tau_w_women_70_10-eps-converted-to.pdf  used on input 
line 899.
(pdftex.def)             Requested size: 358.50609pt x 239.01443pt.

Overfull \hbox (6.06921pt too wide) in paragraph at lines 907--908
[]\OT1/ppl/m/n/10.95 The pa-ram-e-ter that gov-erns the ex-tent of ag-gre-gate 
la-bor mar-ket dis-crim-i-na-tion against women
 []

[26

 <./A_men_70_10-eps-converted-to.pdf>]
Package epstopdf Info: Source file: <fT_women_steadystate.eps>
(epstopdf)                    date: 2023-08-08 09:23:14
(epstopdf)                    size: 30186 bytes
(epstopdf)             Output file: <fT_women_steadystate-eps-converted-to.pdf>

(epstopdf)                    date: 2023-08-08 09:23:14
(epstopdf)                    size: 16915 bytes
(epstopdf)             Command: <repstopdf --outfile=fT_women_steadystate-eps-c
onverted-to.pdf fT_women_steadystate.eps>
(epstopdf)             \includegraphics on input line 959.
Package epstopdf Info: Output file is already uptodate.


pdfTeX warning: /Library/TeX/texbin/pdflatex (file ./fT_women_steadystate-eps-c
onverted-to.pdf): PDF inclusion: found PDF version <1.7>, but at most version <
1.5> allowed
<fT_women_steadystate-eps-converted-to.pdf, id=2580, 433.62pt x 289.08pt>
File: fT_women_steadystate-eps-converted-to.pdf Graphic file (type pdf)
<use fT_women_steadystate-eps-converted-to.pdf>
Package pdftex.def Info: fT_women_steadystate-eps-converted-to.pdf  used on inp
ut line 959.
(pdftex.def)             Requested size: 358.50609pt x 239.01443pt.
[27 <./tau_w_women_70_10-eps-converted-to.pdf>]
Package epstopdf Info: Source file: <fT_men_steadystate.eps>
(epstopdf)                    date: 2023-08-08 09:23:14
(epstopdf)                    size: 29303 bytes
(epstopdf)             Output file: <fT_men_steadystate-eps-converted-to.pdf>
(epstopdf)                    date: 2023-08-08 09:23:14
(epstopdf)                    size: 17258 bytes
(epstopdf)             Command: <repstopdf --outfile=fT_men_steadystate-eps-con
verted-to.pdf fT_men_steadystate.eps>
(epstopdf)             \includegraphics on input line 968.
Package epstopdf Info: Output file is already uptodate.


pdfTeX warning: /Library/TeX/texbin/pdflatex (file ./fT_men_steadystate-eps-con
verted-to.pdf): PDF inclusion: found PDF version <1.7>, but at most version <1.
5> allowed
<fT_men_steadystate-eps-converted-to.pdf, id=2623, 433.62pt x 289.08pt>
File: fT_men_steadystate-eps-converted-to.pdf Graphic file (type pdf)
<use fT_men_steadystate-eps-converted-to.pdf>
Package pdftex.def Info: fT_men_steadystate-eps-converted-to.pdf  used on input
 line 968.
(pdftex.def)             Requested size: 358.50609pt x 239.01443pt.
Package epstopdf Info: Source file: <eT_women_steadystate.eps>
(epstopdf)                    date: 2023-08-08 09:23:14
(epstopdf)                    size: 31427 bytes
(epstopdf)             Output file: <eT_women_steadystate-eps-converted-to.pdf>

(epstopdf)                    date: 2023-08-08 09:23:14
(epstopdf)                    size: 19184 bytes
(epstopdf)             Command: <repstopdf --outfile=eT_women_steadystate-eps-c
onverted-to.pdf eT_women_steadystate.eps>
(epstopdf)             \includegraphics on input line 991.
Package epstopdf Info: Output file is already uptodate.


pdfTeX warning: /Library/TeX/texbin/pdflatex (file ./eT_women_steadystate-eps-c
onverted-to.pdf): PDF inclusion: found PDF version <1.7>, but at most version <
1.5> allowed
<eT_women_steadystate-eps-converted-to.pdf, id=2626, 433.62pt x 289.08pt>
File: eT_women_steadystate-eps-converted-to.pdf Graphic file (type pdf)
<use eT_women_steadystate-eps-converted-to.pdf>
Package pdftex.def Info: eT_women_steadystate-eps-converted-to.pdf  used on inp
ut line 991.
(pdftex.def)             Requested size: 358.50609pt x 239.01443pt.
[28 <./fT_women_steadystate-eps-converted-to.pdf>] [29 <./fT_men_steadystate-ep
s-converted-to.pdf> <./eT_women_steadystate-eps-converted-to.pdf>] [30]
[31] (./version0-15.bbl [32]) [33] [34] [35] [36] [37] [38]
Overfull \hbox (21.00325pt too wide) in paragraph at lines 1229--1236
[]\OT1/ppl/m/it/10.95 The oc-cu-pa-tional choice bound-ary, de-noted $[]\OT1/cm
r/m/n/10.95 (\OML/cmm/m/it/10.95 a[]\OT1/cmr/m/n/10.95 )$\OT1/ppl/m/it/10.95 ,
 []

[39] [40] (./version0-15.aux)

LaTeX Warning: There were multiply-defined labels.

Package rerunfilecheck Info: File `version0-15.out' has not changed.
(rerunfilecheck)             Checksum: 84796B6185A280C265741574C6F4ED5B;4043.
 ) 
Here is how much of TeX's memory you used:
 20264 strings out of 478994
 337219 string characters out of 5858184
 660700 words of memory out of 5000000
 37145 multiletter control sequences out of 15000+600000
 442780 words of font info for 134 fonts, out of 8000000 for 9000
 1141 hyphenation exceptions out of 8191
 71i,18n,117p,1777b,536s stack positions out of 5000i,500n,10000p,200000b,80000s
{/usr/local/texlive/2021/texmf-dist/fonts/enc/dvips/base/8r.enc}</usr/local/t
exlive/2021/texmf-dist/fonts/type1/public/amsfonts/cm/cmex10.pfb></usr/local/te
xlive/2021/texmf-dist/fonts/type1/public/amsfonts/cmextra/cmex7.pfb></usr/local
/texlive/2021/texmf-dist/fonts/type1/public/amsfonts/cmextra/cmex8.pfb></usr/lo
cal/texlive/2021/texmf-dist/fonts/type1/public/amsfonts/cmextra/cmex9.pfb></usr
/local/texlive/2021/texmf-dist/fonts/type1/public/amsfonts/cm/cmmi10.pfb></usr/
local/texlive/2021/texmf-dist/fonts/type1/public/amsfonts/cm/cmmi5.pfb></usr/lo
cal/texlive/2021/texmf-dist/fonts/type1/public/amsfonts/cm/cmmi6.pfb></usr/loca
l/texlive/2021/texmf-dist/fonts/type1/public/amsfonts/cm/cmmi7.pfb></usr/local/
texlive/2021/texmf-dist/fonts/type1/public/amsfonts/cm/cmmi8.pfb></usr/local/te
xlive/2021/texmf-dist/fonts/type1/public/amsfonts/cm/cmmi9.pfb></usr/local/texl
ive/2021/texmf-dist/fonts/type1/public/amsfonts/cm/cmr10.pfb></usr/local/texliv
e/2021/texmf-dist/fonts/type1/public/amsfonts/cm/cmr5.pfb></usr/local/texlive/2
021/texmf-dist/fonts/type1/public/amsfonts/cm/cmr6.pfb></usr/local/texlive/2021
/texmf-dist/fonts/type1/public/amsfonts/cm/cmr7.pfb></usr/local/texlive/2021/te
xmf-dist/fonts/type1/public/amsfonts/cm/cmr8.pfb></usr/local/texlive/2021/texmf
-dist/fonts/type1/public/amsfonts/cm/cmr9.pfb></usr/local/texlive/2021/texmf-di
st/fonts/type1/public/amsfonts/cm/cmsy10.pfb></usr/local/texlive/2021/texmf-dis
t/fonts/type1/public/amsfonts/cm/cmsy5.pfb></usr/local/texlive/2021/texmf-dist/
fonts/type1/public/amsfonts/cm/cmsy6.pfb></usr/local/texlive/2021/texmf-dist/fo
nts/type1/public/amsfonts/cm/cmsy8.pfb></usr/local/texlive/2021/texmf-dist/font
s/type1/public/amsfonts/cm/cmsy9.pfb></usr/local/texlive/2021/texmf-dist/fonts/
type1/urw/helvetic/uhvr8a.pfb></usr/local/texlive/2021/texmf-dist/fonts/type1/u
rw/palatino/uplb8a.pfb></usr/local/texlive/2021/texmf-dist/fonts/type1/urw/pala
tino/uplr8a.pfb></usr/local/texlive/2021/texmf-dist/fonts/type1/urw/palatino/up
lr8a.pfb></usr/local/texlive/2021/texmf-dist/fonts/type1/urw/palatino/uplri8a.p
fb>
Output written on version0-15.pdf (41 pages, 1272723 bytes).
PDF statistics:
 3003 PDF objects out of 3580 (max. 8388607)
 2677 compressed objects within 27 object streams
 197 named destinations out of 1000 (max. 500000)
 306 words of extra memory for PDF output out of 10000 (max. 10000000)

