\BOOKMARK [1][-]{section.1}{Introduction}{}% 1
\BOOKMARK [1][-]{section.2}{Model}{}% 2
\BOOKMARK [2][-]{subsection.2.1}{Preferences and Technologies}{section.2}% 3
\BOOKMARK [2][-]{subsection.2.2}{Occupational Choice}{section.2}% 4
\BOOKMARK [3][-]{subsubsection.2.2.1}{Teachers and Class Size}{subsection.2.2}% 5
\BOOKMARK [3][-]{subsubsection.2.2.2}{Student-Teacher Matching}{subsection.2.2}% 6
\BOOKMARK [2][-]{subsection.2.3}{Values}{section.2}% 7
\BOOKMARK [1][-]{section.3}{Equilibrium}{}% 8
\BOOKMARK [2][-]{subsection.3.1}{Human Capital Investment}{section.3}% 9
\BOOKMARK [2][-]{subsection.3.2}{The Aggregate Laws of Motion}{section.3}% 10
\BOOKMARK [2][-]{subsection.3.3}{Occupational Choice in Decentralized Competitive Equilibrium with Educational Barriers and Labor Market Discrimination}{section.3}% 11
\BOOKMARK [1][-]{section.4}{Data}{}% 12
\BOOKMARK [2][-]{subsection.4.1}{Project TALENT}{section.4}% 13
\BOOKMARK [2][-]{subsection.4.2}{NLSY79 and NLSY97}{section.4}% 14
\BOOKMARK [1][-]{section.5}{Quantitative Analysis}{}% 15
\BOOKMARK [2][-]{subsection.5.1}{Calibration Strategy}{section.5}% 16
\BOOKMARK [1][-]{section.6}{Conclusion}{}% 17
\BOOKMARK [1][-]{appendix.A}{Special Case: Teacher's Are Paid their Marginal Product}{}% 18
\BOOKMARK [2][-]{subsection.A.1}{Human Capital Investment}{appendix.A}% 19
\BOOKMARK [2][-]{subsection.A.2}{The Aggregate Laws of Motion}{appendix.A}% 20
\BOOKMARK [2][-]{subsection.A.3}{Occupational Wages in Decentralized Competitive Equilibrium}{appendix.A}% 21
\BOOKMARK [2][-]{subsection.A.4}{Occupational Choice in Decentralized Competitive Equilibrium with Educational Barriers and Labor Market Discrimination}{appendix.A}% 22
