This is pdfTeX, Version 3.141592653-2.6-1.40.25 (MiKTeX 23.5) (preloaded format=pdflatex 2023.8.7)  7 AUG 2023 19:53
entering extended mode
 restricted \write18 enabled.
 %&-line parsing enabled.
**./version0-14.tex
(version0-14.tex
LaTeX2e <2023-06-01> patch level 1
L3 programming layer <2023-06-30>
(C:\Users\julia\AppData\Local\Programs\MiKTeX\tex/latex/base\article.cls
Document Class: article 2023/05/17 v1.4n Standard LaTeX document class
(C:\Users\julia\AppData\Local\Programs\MiKTeX\tex/latex/base\size11.clo
File: size11.clo 2023/05/17 v1.4n Standard LaTeX file (size option)
)
\c@part=\count185
\c@section=\count186
\c@subsection=\count187
\c@subsubsection=\count188
\c@paragraph=\count189
\c@subparagraph=\count190
\c@figure=\count191
\c@table=\count192
\abovecaptionskip=\skip48
\belowcaptionskip=\skip49
\bibindent=\dimen140
)
(C:\Users\julia\AppData\Local\Programs\MiKTeX\tex/latex/frankenstein\achicago.s
ty
Package: achicago 2001/08/31 v1.2 Chicago Manual author-date citations

(C:\Users\julia\AppData\Local\Programs\MiKTeX\tex/latex/frankenstein\blkcntrl.s
ty
Package: blkcntrl 2001/08/31 v1.2 block control

(C:\Users\julia\AppData\Local\Programs\MiKTeX\tex/latex/frankenstein\moredefs.s
ty
Package: moredefs 2001/08/31 v1.8 more defining commands (Frankenstein's brain)

\sc@toks@a=\toks17
\sc@toks@b=\toks18
) (C:\Users\julia\AppData\Local\Programs\MiKTeX\tex/latex/relsize\relsize.sty
Package: relsize 2013/03/29 ver 4.1
))
(C:\Users\julia\AppData\Local\Programs\MiKTeX\tex/latex/frankenstein\slemph.sty
Package: slemph 1999/02/25 v1.2 slanted emphasis (Frankenstein's gait)
LaTeX Info: Redefining \itswitch on input line 177.
LaTeX Info: Redefining \slswitch on input line 186.
LaTeX Info: Redefining \textitswitch on input line 195.
LaTeX Info: Redefining \textslswitch on input line 196.

(C:\Users\julia\AppData\Local\Programs\MiKTeX\tex/latex/frankenstein\slemph.cfg
File: slemph.cfg 
))
(C:\Users\julia\AppData\Local\Programs\MiKTeX\tex/latex/frankenstein\titles.sty
Package: titles 2001/08/31 v1.2 title macros (Frankenstein's references)

(C:\Users\julia\AppData\Local\Programs\MiKTeX\tex/latex/frankenstein\titles.cfg
File: titles.cfg 
)) (C:\Users\julia\AppData\Local\Programs\MiKTeX\tex/latex/tools\verbatim.sty
Package: verbatim 2022-07-02 v1.5u LaTeX2e package for verbatim enhancements
\every@verbatim=\toks19
\verbatim@line=\toks20
\verbatim@in@stream=\read2
)
\sc@box@a=\box51
) (C:\Users\julia\AppData\Local\Programs\MiKTeX\tex/latex/setspace\setspace.sty
Package: setspace 2022/12/04 v6.7b set line spacing
) (C:\Users\julia\AppData\Local\Programs\MiKTeX\tex/latex/psnfss\palatino.sty
Package: palatino 2020/03/25 PSNFSS-v9.3 (SPQR) 
)
(C:\Users\julia\AppData\Local\Programs\MiKTeX\tex/latex/graphics\graphicx.sty
Package: graphicx 2021/09/16 v1.2d Enhanced LaTeX Graphics (DPC,SPQR)

(C:\Users\julia\AppData\Local\Programs\MiKTeX\tex/latex/graphics\keyval.sty
Package: keyval 2022/05/29 v1.15 key=value parser (DPC)
\KV@toks@=\toks21
)
(C:\Users\julia\AppData\Local\Programs\MiKTeX\tex/latex/graphics\graphics.sty
Package: graphics 2022/03/10 v1.4e Standard LaTeX Graphics (DPC,SPQR)

(C:\Users\julia\AppData\Local\Programs\MiKTeX\tex/latex/graphics\trig.sty
Package: trig 2021/08/11 v1.11 sin cos tan (DPC)
)
(C:\Users\julia\AppData\Local\Programs\MiKTeX\tex/latex/graphics-cfg\graphics.c
fg
File: graphics.cfg 2016/06/04 v1.11 sample graphics configuration
)
Package graphics Info: Driver file: pdftex.def on input line 107.

(C:\Users\julia\AppData\Local\Programs\MiKTeX\tex/latex/graphics-def\pdftex.def
File: pdftex.def 2022/09/22 v1.2b Graphics/color driver for pdftex
))
\Gin@req@height=\dimen141
\Gin@req@width=\dimen142
) (C:\Users\julia\AppData\Local\Programs\MiKTeX\tex/latex/amsmath\amsmath.sty
Package: amsmath 2023/05/13 v2.17o AMS math features
\@mathmargin=\skip50
For additional information on amsmath, use the `?' option.
(C:\Users\julia\AppData\Local\Programs\MiKTeX\tex/latex/amsmath\amstext.sty
Package: amstext 2021/08/26 v2.01 AMS text

(C:\Users\julia\AppData\Local\Programs\MiKTeX\tex/latex/amsmath\amsgen.sty
File: amsgen.sty 1999/11/30 v2.0 generic functions
\@emptytoks=\toks22
\ex@=\dimen143
))
(C:\Users\julia\AppData\Local\Programs\MiKTeX\tex/latex/amsmath\amsbsy.sty
Package: amsbsy 1999/11/29 v1.2d Bold Symbols
\pmbraise@=\dimen144
)
(C:\Users\julia\AppData\Local\Programs\MiKTeX\tex/latex/amsmath\amsopn.sty
Package: amsopn 2022/04/08 v2.04 operator names
)
\inf@bad=\count193
LaTeX Info: Redefining \frac on input line 234.
\uproot@=\count194
\leftroot@=\count195
LaTeX Info: Redefining \overline on input line 399.
LaTeX Info: Redefining \colon on input line 410.
\classnum@=\count196
\DOTSCASE@=\count197
LaTeX Info: Redefining \ldots on input line 496.
LaTeX Info: Redefining \dots on input line 499.
LaTeX Info: Redefining \cdots on input line 620.
\Mathstrutbox@=\box52
\strutbox@=\box53
LaTeX Info: Redefining \big on input line 722.
LaTeX Info: Redefining \Big on input line 723.
LaTeX Info: Redefining \bigg on input line 724.
LaTeX Info: Redefining \Bigg on input line 725.
\big@size=\dimen145
LaTeX Font Info:    Redeclaring font encoding OML on input line 743.
LaTeX Font Info:    Redeclaring font encoding OMS on input line 744.
\macc@depth=\count198
LaTeX Info: Redefining \bmod on input line 905.
LaTeX Info: Redefining \pmod on input line 910.
LaTeX Info: Redefining \smash on input line 940.
LaTeX Info: Redefining \relbar on input line 970.
LaTeX Info: Redefining \Relbar on input line 971.
\c@MaxMatrixCols=\count199
\dotsspace@=\muskip16
\c@parentequation=\count266
\dspbrk@lvl=\count267
\tag@help=\toks23
\row@=\count268
\column@=\count269
\maxfields@=\count270
\andhelp@=\toks24
\eqnshift@=\dimen146
\alignsep@=\dimen147
\tagshift@=\dimen148
\tagwidth@=\dimen149
\totwidth@=\dimen150
\lineht@=\dimen151
\@envbody=\toks25
\multlinegap=\skip51
\multlinetaggap=\skip52
\mathdisplay@stack=\toks26
LaTeX Info: Redefining \[ on input line 2953.
LaTeX Info: Redefining \] on input line 2954.
)
(C:\Users\julia\AppData\Local\Programs\MiKTeX\tex/latex/amsfonts\amssymb.sty
Package: amssymb 2013/01/14 v3.01 AMS font symbols

(C:\Users\julia\AppData\Local\Programs\MiKTeX\tex/latex/amsfonts\amsfonts.sty
Package: amsfonts 2013/01/14 v3.01 Basic AMSFonts support
\symAMSa=\mathgroup4
\symAMSb=\mathgroup5
LaTeX Font Info:    Redeclaring math symbol \hbar on input line 98.
LaTeX Font Info:    Overwriting math alphabet `\mathfrak' in version `bold'
(Font)                  U/euf/m/n --> U/euf/b/n on input line 106.
)) (C:\Users\julia\AppData\Local\Programs\MiKTeX\tex/latex/tools\bm.sty
Package: bm 2022/01/05 v1.2f Bold Symbol Support (DPC/FMi)
\symboldoperators=\mathgroup6
\symboldletters=\mathgroup7
\symboldsymbols=\mathgroup8
Package bm Info: No bold for \OMX/cmex/m/n, using \pmb.
Package bm Info: No bold for \U/msa/m/n, using \pmb.
Package bm Info: No bold for \U/msb/m/n, using \pmb.
LaTeX Font Info:    Redeclaring math alphabet \mathbf on input line 149.
)
(C:\Users\julia\AppData\Local\Programs\MiKTeX\tex/latex/bbm\bbm.sty
Package: bbm 1999/03/15 V 1.2 provides fonts for set symbols - TH
LaTeX Font Info:    Overwriting math alphabet `\mathbbm' in version `bold'
(Font)                  U/bbm/m/n --> U/bbm/bx/n on input line 33.
LaTeX Font Info:    Overwriting math alphabet `\mathbbmss' in version `bold'
(Font)                  U/bbmss/m/n --> U/bbmss/bx/n on input line 35.
)
(C:\Users\julia\AppData\Local\Programs\MiKTeX\tex/latex/footmisc\footmisc.sty
Package: footmisc 2023/07/05 v6.0f a miscellany of footnote facilities
\FN@temptoken=\toks27
\footnotemargin=\dimen152
\@outputbox@depth=\dimen153
Package footmisc Info: Declaring symbol style bringhurst on input line 696.
Package footmisc Info: Declaring symbol style chicago on input line 704.
Package footmisc Info: Declaring symbol style wiley on input line 713.
Package footmisc Info: Declaring symbol style lamport-robust on input line 724.

Package footmisc Info: Declaring symbol style lamport* on input line 744.
Package footmisc Info: Declaring symbol style lamport*-robust on input line 765
.
)
(C:\Users\julia\AppData\Local\Programs\MiKTeX\tex/latex/booktabs\booktabs.sty
Package: booktabs 2020/01/12 v1.61803398 Publication quality tables
\heavyrulewidth=\dimen154
\lightrulewidth=\dimen155
\cmidrulewidth=\dimen156
\belowrulesep=\dimen157
\belowbottomsep=\dimen158
\aboverulesep=\dimen159
\abovetopsep=\dimen160
\cmidrulesep=\dimen161
\cmidrulekern=\dimen162
\defaultaddspace=\dimen163
\@cmidla=\count271
\@cmidlb=\count272
\@aboverulesep=\dimen164
\@belowrulesep=\dimen165
\@thisruleclass=\count273
\@lastruleclass=\count274
\@thisrulewidth=\dimen166
)
(C:\Users\julia\AppData\Local\Programs\MiKTeX\tex/latex/tools\enumerate.sty
Package: enumerate 2015/07/23 v3.00 enumerate extensions (DPC)
\@enLab=\toks28
)
(C:\Users\julia\AppData\Local\Programs\MiKTeX\tex/latex/hyperref\hyperref.sty
Package: hyperref 2023-07-08 v7.01b Hypertext links for LaTeX

(C:\Users\julia\AppData\Local\Programs\MiKTeX\tex/generic/ltxcmds\ltxcmds.sty
Package: ltxcmds 2020-05-10 v1.25 LaTeX kernel commands for general use (HO)
)
(C:\Users\julia\AppData\Local\Programs\MiKTeX\tex/generic/iftex\iftex.sty
Package: iftex 2022/02/03 v1.0f TeX engine tests
)
(C:\Users\julia\AppData\Local\Programs\MiKTeX\tex/generic/pdftexcmds\pdftexcmds
.sty
Package: pdftexcmds 2020-06-27 v0.33 Utility functions of pdfTeX for LuaTeX (HO
)

(C:\Users\julia\AppData\Local\Programs\MiKTeX\tex/generic/infwarerr\infwarerr.s
ty
Package: infwarerr 2019/12/03 v1.5 Providing info/warning/error messages (HO)
)
Package pdftexcmds Info: \pdf@primitive is available.
Package pdftexcmds Info: \pdf@ifprimitive is available.
Package pdftexcmds Info: \pdfdraftmode found.
)
(C:\Users\julia\AppData\Local\Programs\MiKTeX\tex/latex/kvsetkeys\kvsetkeys.sty
Package: kvsetkeys 2022-10-05 v1.19 Key value parser (HO)
)
(C:\Users\julia\AppData\Local\Programs\MiKTeX\tex/generic/kvdefinekeys\kvdefine
keys.sty
Package: kvdefinekeys 2019-12-19 v1.6 Define keys (HO)
)
(C:\Users\julia\AppData\Local\Programs\MiKTeX\tex/generic/pdfescape\pdfescape.s
ty
Package: pdfescape 2019/12/09 v1.15 Implements pdfTeX's escape features (HO)
) (C:\Users\julia\AppData\Local\Programs\MiKTeX\tex/latex/hycolor\hycolor.sty
Package: hycolor 2020-01-27 v1.10 Color options for hyperref/bookmark (HO)
)
(C:\Users\julia\AppData\Local\Programs\MiKTeX\tex/latex/letltxmacro\letltxmacro
.sty
Package: letltxmacro 2019/12/03 v1.6 Let assignment for LaTeX macros (HO)
)
(C:\Users\julia\AppData\Local\Programs\MiKTeX\tex/latex/auxhook\auxhook.sty
Package: auxhook 2019-12-17 v1.6 Hooks for auxiliary files (HO)
)
(C:\Users\julia\AppData\Local\Programs\MiKTeX\tex/latex/hyperref\nameref.sty
Package: nameref 2023-08-07 v2.53 Cross-referencing by name of section

(C:\Users\julia\AppData\Local\Programs\MiKTeX\tex/latex/refcount\refcount.sty
Package: refcount 2019/12/15 v3.6 Data extraction from label references (HO)
)
(C:\Users\julia\AppData\Local\Programs\MiKTeX\tex/generic/gettitlestring\gettit
lestring.sty
Package: gettitlestring 2019/12/15 v1.6 Cleanup title references (HO)

(C:\Users\julia\AppData\Local\Programs\MiKTeX\tex/latex/kvoptions\kvoptions.sty
Package: kvoptions 2022-06-15 v3.15 Key value format for package options (HO)
))
\c@section@level=\count275
)
(C:\Users\julia\AppData\Local\Programs\MiKTeX\tex/latex/etoolbox\etoolbox.sty
Package: etoolbox 2020/10/05 v2.5k e-TeX tools for LaTeX (JAW)
\etb@tempcnta=\count276
)
\@linkdim=\dimen167
\Hy@linkcounter=\count277
\Hy@pagecounter=\count278

(C:\Users\julia\AppData\Local\Programs\MiKTeX\tex/latex/hyperref\pd1enc.def
File: pd1enc.def 2023-07-08 v7.01b Hyperref: PDFDocEncoding definition (HO)
Now handling font encoding PD1 ...
... no UTF-8 mapping file for font encoding PD1
)
(C:\Users\julia\AppData\Local\Programs\MiKTeX\tex/generic/intcalc\intcalc.sty
Package: intcalc 2019/12/15 v1.3 Expandable calculations with integers (HO)
)
\Hy@SavedSpaceFactor=\count279

(C:\Users\julia\AppData\Local\Programs\MiKTeX\tex/latex/hyperref\puenc.def
File: puenc.def 2023-07-08 v7.01b Hyperref: PDF Unicode definition (HO)
Now handling font encoding PU ...
... no UTF-8 mapping file for font encoding PU
)
Package hyperref Info: Option `breaklinks' set `true' on input line 4050.
Package hyperref Info: Hyper figures OFF on input line 4167.
Package hyperref Info: Link nesting OFF on input line 4172.
Package hyperref Info: Hyper index ON on input line 4175.
Package hyperref Info: Plain pages OFF on input line 4182.
Package hyperref Info: Backreferencing OFF on input line 4187.
Package hyperref Info: Implicit mode ON; LaTeX internals redefined.
Package hyperref Info: Bookmarks ON on input line 4434.
\c@Hy@tempcnt=\count280

(C:\Users\julia\AppData\Local\Programs\MiKTeX\tex/latex/url\url.sty
\Urlmuskip=\muskip17
Package: url 2013/09/16  ver 3.4  Verb mode for urls, etc.
)
LaTeX Info: Redefining \url on input line 4772.
\XeTeXLinkMargin=\dimen168

(C:\Users\julia\AppData\Local\Programs\MiKTeX\tex/generic/bitset\bitset.sty
Package: bitset 2019/12/09 v1.3 Handle bit-vector datatype (HO)

(C:\Users\julia\AppData\Local\Programs\MiKTeX\tex/generic/bigintcalc\bigintcalc
.sty
Package: bigintcalc 2019/12/15 v1.5 Expandable calculations on big integers (HO
)
))
\Fld@menulength=\count281
\Field@Width=\dimen169
\Fld@charsize=\dimen170
Package hyperref Info: Hyper figures OFF on input line 6051.
Package hyperref Info: Link nesting OFF on input line 6056.
Package hyperref Info: Hyper index ON on input line 6059.
Package hyperref Info: backreferencing OFF on input line 6066.
Package hyperref Info: Link coloring OFF on input line 6071.
Package hyperref Info: Link coloring with OCG OFF on input line 6076.
Package hyperref Info: PDF/A mode OFF on input line 6081.

(C:\Users\julia\AppData\Local\Programs\MiKTeX\tex/latex/base\atbegshi-ltx.sty
Package: atbegshi-ltx 2021/01/10 v1.0c Emulation of the original atbegshi
package with kernel methods
)
\Hy@abspage=\count282
\c@Item=\count283
\c@Hfootnote=\count284
)
Package hyperref Info: Driver (autodetected): hpdftex.
(C:\Users\julia\AppData\Local\Programs\MiKTeX\tex/latex/hyperref\hpdftex.def
File: hpdftex.def 2023-07-08 v7.01b Hyperref driver for pdfTeX

(C:\Users\julia\AppData\Local\Programs\MiKTeX\tex/latex/base\atveryend-ltx.sty
Package: atveryend-ltx 2020/08/19 v1.0a Emulation of the original atveryend pac
kage
with kernel methods
)
\Fld@listcount=\count285
\c@bookmark@seq@number=\count286

(C:\Users\julia\AppData\Local\Programs\MiKTeX\tex/latex/rerunfilecheck\rerunfil
echeck.sty
Package: rerunfilecheck 2022-07-10 v1.10 Rerun checks for auxiliary files (HO)

(C:\Users\julia\AppData\Local\Programs\MiKTeX\tex/generic/uniquecounter\uniquec
ounter.sty
Package: uniquecounter 2019/12/15 v1.4 Provide unlimited unique counter (HO)
)
Package uniquecounter Info: New unique counter `rerunfilecheck' on input line 2
85.
)
\Hy@SectionHShift=\skip53
)
(C:\Users\julia\AppData\Local\Programs\MiKTeX\tex/latex/natbib\natbib.sty
Package: natbib 2010/09/13 8.31b (PWD, AO)
\bibhang=\skip54
\bibsep=\skip55
LaTeX Info: Redefining \cite on input line 694.
LaTeX Info: Redefining \citeyear on input line 735.
\c@NAT@ctr=\count287
)
(C:\Users\julia\AppData\Local\Programs\MiKTeX\tex/latex/pstricks\pstricks.sty
Package: pstricks 2022/19/23 v0.72 LaTeX wrapper for `PSTricks' (RN,HV)

(C:\Users\julia\AppData\Local\Programs\MiKTeX\tex/latex/xcolor\xcolor.sty
Package: xcolor 2022/06/12 v2.14 LaTeX color extensions (UK)

(C:\Users\julia\AppData\Local\Programs\MiKTeX\tex/latex/graphics-cfg\color.cfg
File: color.cfg 2016/01/02 v1.6 sample color configuration
)
Package xcolor Info: Package option `usenames' ignored on input line 218.
Package xcolor Info: Driver file: pdftex.def on input line 227.
(C:\Users\julia\AppData\Local\Programs\MiKTeX\tex/latex/graphics\mathcolor.ltx)
Package xcolor Info: Model `cmy' substituted by `cmy0' on input line 1353.
Package xcolor Info: Model `hsb' substituted by `rgb' on input line 1357.
Package xcolor Info: Model `RGB' extended on input line 1369.
Package xcolor Info: Model `HTML' substituted by `rgb' on input line 1371.
Package xcolor Info: Model `Hsb' substituted by `hsb' on input line 1372.
Package xcolor Info: Model `tHsb' substituted by `hsb' on input line 1373.
Package xcolor Info: Model `HSB' substituted by `hsb' on input line 1374.
Package xcolor Info: Model `Gray' substituted by `gray' on input line 1375.
Package xcolor Info: Model `wave' substituted by `hsb' on input line 1376.
(C:\Users\julia\AppData\Local\Programs\MiKTeX\tex/latex/graphics\dvipsnam.def
File: dvipsnam.def 2016/06/17 v3.0m Driver-dependent file (DPC,SPQR)
)) (C:\Users\julia\AppData\Local\Programs\MiKTeX\tex/generic/xkeyval\pst-xkey.t
ex
File: pst-xkey.tex 2005/11/25 v1.6 PSTricks specialization of xkeyval (HA)
(C:\Users\julia\AppData\Local\Programs\MiKTeX\tex/latex/xkeyval\xkeyval.sty
Package: xkeyval 2022/06/16 v2.9 package option processing (HA)

(C:\Users\julia\AppData\Local\Programs\MiKTeX\tex/generic/xkeyval\xkeyval.tex
(C:\Users\julia\AppData\Local\Programs\MiKTeX\tex/generic/xkeyval\xkvutils.tex
\XKV@toks=\toks29
\XKV@tempa@toks=\toks30
)
\XKV@depth=\count288
File: xkeyval.tex 2014/12/03 v2.7a key=value parser (HA)
)))
(C:\Users\julia\AppData\Local\Programs\MiKTeX\tex/generic/pstricks\pstricks.tex
(C:\Users\julia\AppData\Local\Programs\MiKTeX\tex/generic/pstricks\pst-fp.tex
`pst-fp' v0.06, 2020/11/20 (hv)
\pstFP@xs=\count289
\pstFP@xia=\count290
\pstFP@xib=\count291
\pstFP@xfa=\count292
\pstFP@xfb=\count293
\pstFP@rega=\count294
\pstFP@regb=\count295
\pstFP@regs=\count296
\pstFP@times=\count297
)
(C:\Users\julia\AppData\Local\Programs\MiKTeX\tex/latex/pgf/utilities\pgffor.st
y
(C:\Users\julia\AppData\Local\Programs\MiKTeX\tex/latex/pgf/utilities\pgfrcs.st
y
(C:\Users\julia\AppData\Local\Programs\MiKTeX\tex/generic/pgf/utilities\pgfutil
-common.tex
\pgfutil@everybye=\toks31
\pgfutil@tempdima=\dimen171
\pgfutil@tempdimb=\dimen172
)
(C:\Users\julia\AppData\Local\Programs\MiKTeX\tex/generic/pgf/utilities\pgfutil
-latex.def
\pgfutil@abb=\box54
)
(C:\Users\julia\AppData\Local\Programs\MiKTeX\tex/generic/pgf/utilities\pgfrcs.
code.tex
(C:\Users\julia\AppData\Local\Programs\MiKTeX\tex/generic/pgf\pgf.revision.tex)
Package: pgfrcs 2023-01-15 v3.1.10 (3.1.10)
))
(C:\Users\julia\AppData\Local\Programs\MiKTeX\tex/latex/pgf/utilities\pgfkeys.s
ty
(C:\Users\julia\AppData\Local\Programs\MiKTeX\tex/generic/pgf/utilities\pgfkeys
.code.tex
\pgfkeys@pathtoks=\toks32
\pgfkeys@temptoks=\toks33

(C:\Users\julia\AppData\Local\Programs\MiKTeX\tex/generic/pgf/utilities\pgfkeys
libraryfiltered.code.tex
\pgfkeys@tmptoks=\toks34
)))
(C:\Users\julia\AppData\Local\Programs\MiKTeX\tex/latex/pgf/math\pgfmath.sty
(C:\Users\julia\AppData\Local\Programs\MiKTeX\tex/generic/pgf/math\pgfmath.code
.tex
(C:\Users\julia\AppData\Local\Programs\MiKTeX\tex/generic/pgf/math\pgfmathutil.
code.tex
\pgf@x=\dimen173
\pgf@xa=\dimen174
\pgf@xb=\dimen175
\pgf@xc=\dimen176
\pgf@y=\dimen177
\pgf@ya=\dimen178
\pgf@yb=\dimen179
\pgf@yc=\dimen180
\c@pgf@counta=\count298
\c@pgf@countb=\count299
\c@pgf@countc=\count300
\c@pgf@countd=\count301
)
(C:\Users\julia\AppData\Local\Programs\MiKTeX\tex/generic/pgf/math\pgfmathparse
r.code.tex
\pgfmath@dimen=\dimen181
\pgfmath@count=\count302
\pgfmath@box=\box55
\pgfmath@toks=\toks35
\pgfmath@stack@operand=\toks36
\pgfmath@stack@operation=\toks37
)
(C:\Users\julia\AppData\Local\Programs\MiKTeX\tex/generic/pgf/math\pgfmathfunct
ions.code.tex)
(C:\Users\julia\AppData\Local\Programs\MiKTeX\tex/generic/pgf/math\pgfmathfunct
ions.basic.code.tex)
(C:\Users\julia\AppData\Local\Programs\MiKTeX\tex/generic/pgf/math\pgfmathfunct
ions.trigonometric.code.tex)
(C:\Users\julia\AppData\Local\Programs\MiKTeX\tex/generic/pgf/math\pgfmathfunct
ions.random.code.tex)
(C:\Users\julia\AppData\Local\Programs\MiKTeX\tex/generic/pgf/math\pgfmathfunct
ions.comparison.code.tex)
(C:\Users\julia\AppData\Local\Programs\MiKTeX\tex/generic/pgf/math\pgfmathfunct
ions.base.code.tex)
(C:\Users\julia\AppData\Local\Programs\MiKTeX\tex/generic/pgf/math\pgfmathfunct
ions.round.code.tex)
(C:\Users\julia\AppData\Local\Programs\MiKTeX\tex/generic/pgf/math\pgfmathfunct
ions.misc.code.tex)
(C:\Users\julia\AppData\Local\Programs\MiKTeX\tex/generic/pgf/math\pgfmathfunct
ions.integerarithmetics.code.tex)
(C:\Users\julia\AppData\Local\Programs\MiKTeX\tex/generic/pgf/math\pgfmathcalc.
code.tex)
(C:\Users\julia\AppData\Local\Programs\MiKTeX\tex/generic/pgf/math\pgfmathfloat
.code.tex
\c@pgfmathroundto@lastzeros=\count303
)))
(C:\Users\julia\AppData\Local\Programs\MiKTeX\tex/generic/pgf/utilities\pgffor.
code.tex
Package: pgffor 2023-01-15 v3.1.10 (3.1.10)
\pgffor@iter=\dimen182
\pgffor@skip=\dimen183
\pgffor@stack=\toks38
\pgffor@toks=\toks39
))
\psLoopIndex=\count304

`PSTricks' v3.19  <2023/04/30> (tvz,hv)
\pst@dima=\dimen184
\pst@dimb=\dimen185
\pst@dimc=\dimen186
\pst@dimd=\dimen187
\pst@dimg=\dimen188
\pst@dimh=\dimen189
\pst@dimm=\dimen190
\pst@dimn=\dimen191
\pst@dimo=\dimen192
\pst@dimp=\dimen193
\pst@hbox=\box56
\pst@ibox=\box57
\pst@boxg=\box58
\pst@cnta=\count305
\pst@cntb=\count306
\pst@cntc=\count307
\pst@cntd=\count308
\pst@cntg=\count309
\pst@cnth=\count310
\pst@cntm=\count311
\pst@cntn=\count312
\pst@cnto=\count313
\pst@cntp=\count314
\@zero=\count315
\pst@toks=\toks40
--- We are running latex or xelatex ---

(C:\Users\julia\AppData\Local\Programs\MiKTeX\tex/generic/pstricks\pstricks.con
)
(C:\Users\julia\AppData\Local\Programs\MiKTeX\tex/generic/pstricks\pstricks-col
or.tex)
\psunit=\dimen194
\psxunit=\dimen195
\psyunit=\dimen196
\pst@C@@rType=\count316
\pslinewidth=\dimen197
\psk@startLW=\dimen198
\psk@endLW=\dimen199

(C:\Users\julia\AppData\Local\Programs\MiKTeX\tex/generic/pstricks\pstricks-arr
ows.tex
\pshooklength=\dimen256
\pshookwidth=\dimen257
)
\pst@customdefs=\toks41

(C:\Users\julia\AppData\Local\Programs\MiKTeX\tex/generic/pstricks\pstricks-dot
s.tex)
\pslinearc=\dimen258
\pst@symbolStep=\dimen259
\pst@symbolWidth=\dimen260
\pst@symbolLinewidth=\dimen261
\everypsbox=\toks42
\psframesep=\dimen262
\pslabelsep=\dimen263
\sh@wgridXunit=\dimen264
\sh@wgridYunit=\dimen265
\pst@shift=\dimen266
\ps@imagectr=\count317

(C:\Users\julia\AppData\Local\Programs\MiKTeX\tex/generic/pstricks\pstricks.con
))
File: pstricks.tex 2023/04/30 v3.19 `PSTricks' (tvz,hv)

(C:\Users\julia\AppData\Local\Programs\MiKTeX\tex/generic/pstricks\pst-fp.tex
`pst-fp' v0.06, 2020/11/20 (hv))
File: pst-fp.tex 2020/11/20 v0.06 `PST-fp' (hv)
)
(C:\Users\julia\AppData\Local\Programs\MiKTeX\tex/latex/multirow\multirow.sty
Package: multirow 2021/03/15 v2.8 Span multiple rows of a table
\multirow@colwidth=\skip56
\multirow@cntb=\count318
\multirow@dima=\skip57
\bigstrutjot=\dimen267
)
(C:\Users\julia\AppData\Local\Programs\MiKTeX\tex/latex/graphics\epsfig.sty
Package: epsfig 2017/06/25 v1.7b (e)psfig emulation (SPQR)
\epsfxsize=\dimen268
\epsfysize=\dimen269
)
(C:\Users\julia\AppData\Local\Programs\MiKTeX\tex/latex/caption\caption.sty
Package: caption 2023/03/12 v3.6j Customizing captions (AR)

(C:\Users\julia\AppData\Local\Programs\MiKTeX\tex/latex/caption\caption3.sty
Package: caption3 2023/03/12 v2.4 caption3 kernel (AR)
\caption@tempdima=\dimen270
\captionmargin=\dimen271
\caption@leftmargin=\dimen272
\caption@rightmargin=\dimen273
\caption@width=\dimen274
\caption@indent=\dimen275
\caption@parindent=\dimen276
\caption@hangindent=\dimen277
Package caption Info: Standard document class detected.
)
\c@caption@flags=\count319
\c@continuedfloat=\count320
Package caption Info: hyperref package is loaded.
)
(C:\Users\julia\AppData\Local\Programs\MiKTeX\tex/latex/caption\subcaption.sty
Package: subcaption 2023/02/19 v1.6 Sub-captions (AR)
Package caption Info: New subtype `subfigure' on input line 239.
\c@subfigure=\count321
Package caption Info: New subtype `subtable' on input line 239.
\c@subtable=\count322
) (C:\Users\julia\AppData\Local\Programs\MiKTeX\tex/latex/graphics\lscape.sty
Package: lscape 2020/05/28 v3.02 Landscape Pages (DPC)
)
(C:\Users\julia\AppData\Local\Programs\MiKTeX\tex/latex/graphics\rotating.sty
Package: rotating 2016/08/11 v2.16d rotated objects in LaTeX

(C:\Users\julia\AppData\Local\Programs\MiKTeX\tex/latex/base\ifthen.sty
Package: ifthen 2022/04/13 v1.1d Standard LaTeX ifthen package (DPC)
)
\c@r@tfl@t=\count323
\rotFPtop=\skip58
\rotFPbot=\skip59
\rot@float@box=\box59
\rot@mess@toks=\toks43
)
(C:\Users\julia\AppData\Local\Programs\MiKTeX\tex/latex/l3packages/xfrac\xfrac.
sty (C:\Users\julia\AppData\Local\Programs\MiKTeX\tex/latex/l3kernel\expl3.sty
Package: expl3 2023-06-30 L3 programming layer (loader) 

(C:\Users\julia\AppData\Local\Programs\MiKTeX\tex/latex/l3backend\l3backend-pdf
tex.def
File: l3backend-pdftex.def 2023-04-19 L3 backend support: PDF output (pdfTeX)
\l__color_backend_stack_int=\count324
\l__pdf_internal_box=\box60
))
(C:\Users\julia\AppData\Local\Programs\MiKTeX\tex/latex/l3packages/l3keys2e\l3k
eys2e.sty
Package: l3keys2e 2023-02-02 LaTeX2e option processing using LaTeX3 keys
)
(C:\Users\julia\AppData\Local\Programs\MiKTeX\tex/latex/base\textcomp.sty
Package: textcomp 2020/02/02 v2.0n Standard LaTeX package
)
(C:\Users\julia\AppData\Local\Programs\MiKTeX\tex/latex/l3packages/xparse\xpars
e.sty
Package: xparse 2023-02-02 L3 Experimental document command parser
)
(C:\Users\julia\AppData\Local\Programs\MiKTeX\tex/latex/l3packages/xtemplate\xt
emplate.sty
Package: xtemplate 2023-02-02 L3 Experimental prototype document functions
\l__xtemplate_tmp_dim=\dimen278
\l__xtemplate_tmp_int=\count325
\l__xtemplate_tmp_muskip=\muskip18
\l__xtemplate_tmp_skip=\skip60
)
Package: xfrac 2023-02-02 L3 Experimental split-level fractions
\l__xfrac_slash_box=\box61
\l__xfrac_tmp_box=\box62
\l__xfrac_denominator_bot_sep_dim=\dimen279
\l__xfrac_numerator_bot_sep_dim=\dimen280
\l__xfrac_numerator_top_sep_dim=\dimen281
\l__xfrac_slash_left_sep_dim=\dimen282
\l__xfrac_slash_right_sep_dim=\dimen283
\l__xfrac_slash_left_muskip=\muskip19
\l__xfrac_slash_right_muskip=\muskip20

Package xtemplate Info: Declaring object type 'xfrac' taking 3 argument(s) on
(xtemplate)             line 80.

)
(C:\Users\julia\AppData\Local\Programs\MiKTeX\tex/latex/doublestroke\dsfont.sty
Package: dsfont 1995/08/01 v0.1 Double stroke roman fonts
)
\c@as=\count326
\c@conjecture=\count327
\c@corr=\count328
\c@df=\count329
\c@lemma=\count330
\c@prp=\count331
\c@clm=\count332
\c@rmk=\count333
Package hyperref Info: Option `colorlinks' set `true' on input line 37.
LaTeX Font Info:    Trying to load font information for OT1+ppl on input line 4
1.
 (C:\Users\julia\AppData\Local\Programs\MiKTeX\tex/latex/psnfss\ot1ppl.fd
File: ot1ppl.fd 2001/06/04 font definitions for OT1/ppl.
)
(version0-14.aux

LaTeX Warning: Label ` ' multiply defined.


LaTeX Warning: Label ` ' multiply defined.


LaTeX Warning: Label `eq:bc' multiply defined.


LaTeX Warning: Label `fig:nlsy79math' multiply defined.


LaTeX Warning: Label `sub@fig:nlsy79math' multiply defined.


LaTeX Warning: Label `fig:nlsy79word' multiply defined.


LaTeX Warning: Label `sub@fig:nlsy79word' multiply defined.


LaTeX Warning: Label `fig:nlsy97math' multiply defined.


LaTeX Warning: Label `sub@fig:nlsy97math' multiply defined.


LaTeX Warning: Label `fig:nlsy97wprd' multiply defined.


LaTeX Warning: Label `sub@fig:nlsy97wprd' multiply defined.


LaTeX Warning: Label `fig:nlsy79math' multiply defined.


LaTeX Warning: Label `sub@fig:nlsy79math' multiply defined.


LaTeX Warning: Label `fig:nlsy79word' multiply defined.


LaTeX Warning: Label `sub@fig:nlsy79word' multiply defined.


LaTeX Warning: Label `eq:foc-e' multiply defined.


LaTeX Warning: Label `eq:foc-s' multiply defined.


LaTeX Warning: Label `eq:occChoice' multiply defined.

)
\openout1 = `version0-14.aux'.

LaTeX Font Info:    Checking defaults for OML/cmm/m/it on input line 41.
LaTeX Font Info:    ... okay on input line 41.
LaTeX Font Info:    Checking defaults for OMS/cmsy/m/n on input line 41.
LaTeX Font Info:    ... okay on input line 41.
LaTeX Font Info:    Checking defaults for OT1/cmr/m/n on input line 41.
LaTeX Font Info:    ... okay on input line 41.
LaTeX Font Info:    Checking defaults for T1/cmr/m/n on input line 41.
LaTeX Font Info:    ... okay on input line 41.
LaTeX Font Info:    Checking defaults for TS1/cmr/m/n on input line 41.
LaTeX Font Info:    ... okay on input line 41.
LaTeX Font Info:    Checking defaults for OMX/cmex/m/n on input line 41.
LaTeX Font Info:    ... okay on input line 41.
LaTeX Font Info:    Checking defaults for U/cmr/m/n on input line 41.
LaTeX Font Info:    ... okay on input line 41.
LaTeX Font Info:    Checking defaults for PD1/pdf/m/n on input line 41.
LaTeX Font Info:    ... okay on input line 41.
LaTeX Font Info:    Checking defaults for PU/pdf/m/n on input line 41.
LaTeX Font Info:    ... okay on input line 41.

(C:\Users\julia\AppData\Local\Programs\MiKTeX\tex/context/base/mkii\supp-pdf.mk
ii
[Loading MPS to PDF converter (version 2006.09.02).]
\scratchcounter=\count334
\scratchdimen=\dimen284
\scratchbox=\box63
\nofMPsegments=\count335
\nofMParguments=\count336
\everyMPshowfont=\toks44
\MPscratchCnt=\count337
\MPscratchDim=\dimen285
\MPnumerator=\count338
\makeMPintoPDFobject=\count339
\everyMPtoPDFconversion=\toks45
)
(C:\Users\julia\AppData\Local\Programs\MiKTeX\tex/latex/epstopdf-pkg\epstopdf-b
ase.sty
Package: epstopdf-base 2020-01-24 v2.11 Base part for package epstopdf
Package epstopdf-base Info: Redefining graphics rule for `.eps' on input line 4
85.

(C:\Users\julia\AppData\Local\Programs\MiKTeX\tex/latex/00miktex\epstopdf-sys.c
fg
File: epstopdf-sys.cfg 2021/03/18 v2.0 Configuration of epstopdf for MiKTeX
))
Package hyperref Info: Link coloring ON on input line 41.
 (version0-14.out) (version0-14.out)
\@outlinefile=\write3
\openout3 = `version0-14.out'.

Package caption Info: Begin \AtBeginDocument code.
Package caption Info: rotating package is loaded.
Package caption Info: End \AtBeginDocument code.
LaTeX Font Info:    Trying to load font information for U+msa on input line 49.


(C:\Users\julia\AppData\Local\Programs\MiKTeX\tex/latex/amsfonts\umsa.fd
File: umsa.fd 2013/01/14 v3.01 AMS symbols A
)
LaTeX Font Info:    Trying to load font information for U+msb on input line 49.


(C:\Users\julia\AppData\Local\Programs\MiKTeX\tex/latex/amsfonts\umsb.fd
File: umsb.fd 2013/01/14 v3.01 AMS symbols B
)
LaTeX Font Info:    Trying to load font information for TS1+ppl on input line 4
9.

(C:\Users\julia\AppData\Local\Programs\MiKTeX\tex/latex/psnfss\ts1ppl.fd
File: ts1ppl.fd 2001/06/04 font definitions for TS1/ppl.
)
[1
Non-PDF special ignored!
<special> header=pstricks.pro
Non-PDF special ignored!
<special> header=pst-algparser.pro
Non-PDF special ignored!
<special> header=pst-tools.pro
Non-PDF special ignored!
<special> header=pst-dots.pro

Non-PDF special ignored!
<special> ps: /pssetRGBcolor /setrgbcolor load def /pssetCMYKcolor /setcmyk...
Non-PDF special ignored!
<special> ps:tx@Dict begin  gsave STV CP T /ps@rot 0 def grestore  end
Non-PDF special ignored!
<special> ps:tx@Dict begin  gsave STV CP T /ps@refangle 0.  def grestore  e...
{C:/Users/julia/AppData/Local/MiKTeX/fonts/map/pdftex/pdftex.map}{C:/Users/juli
a/AppData/Local/Programs/MiKTeX/fonts/enc/dvips/base/8r.enc}]
pdfTeX warning (ext4): destination with the same identifier (name{page.1}) has 
been already used, duplicate ignored
<to be read again> 
                   \relax 
l.65 	
       [1] [2]
Overfull \hbox (5.13835pt too wide) in paragraph at lines 92--94
\OT1/ppl/m/n/10.95 These in-vest-ments and the cor-re-spond-ing con-sump-tion i
n the fol-low-ing pe-riod are occupation-
 []

[3] [4] [5] [6]
LaTeX Font Info:    Trying to load font information for OT1+phv on input line 1
87.

(C:\Users\julia\AppData\Local\Programs\MiKTeX\tex/latex/psnfss\ot1phv.fd
File: ot1phv.fd 2020/03/25 scalable font definitions for OT1/phv.
)
[7] [8] [9]
Overfull \hbox (21.00325pt too wide) in paragraph at lines 358--359
[][]\OT1/ppl/m/it/10.95 The oc-cu-pa-tional choice bound-ary, de-noted $[]\OT1/
cmr/m/n/10.95 (\OML/cmm/m/it/10.95 a[]\OT1/cmr/m/n/10.95 )$\OT1/ppl/m/it/10.95 
,
 []

[10] [11]

LaTeX Warning: `!h' float specifier changed to `!ht'.

[12] [13]

pdfTeX warning: pdflatex.exe (file ./TALENT_math_occ.pdf): PDF inclusion: found
 PDF version <1.6>, but at most version <1.5> allowed
<TALENT_math_occ.pdf, id=291, 397.485pt x 289.08pt>
File: TALENT_math_occ.pdf Graphic file (type pdf)
<use TALENT_math_occ.pdf>
Package pdftex.def Info: TALENT_math_occ.pdf  used on input line 507.
(pdftex.def)             Requested size: 219.5866pt x 159.70465pt.


pdfTeX warning: pdflatex.exe (file ./TALENT_verb_occ.pdf): PDF inclusion: found
 PDF version <1.6>, but at most version <1.5> allowed
<TALENT_verb_occ.pdf, id=292, 397.485pt x 289.08pt>
File: TALENT_verb_occ.pdf Graphic file (type pdf)
<use TALENT_verb_occ.pdf>
Package pdftex.def Info: TALENT_verb_occ.pdf  used on input line 512.
(pdftex.def)             Requested size: 219.5866pt x 159.70465pt.


pdfTeX warning: pdflatex.exe (file ./TALENT_math_by_gender.pdf): PDF inclusion:
 found PDF version <1.6>, but at most version <1.5> allowed
<TALENT_math_by_gender.pdf, id=293, 397.485pt x 289.08pt>
File: TALENT_math_by_gender.pdf Graphic file (type pdf)
<use TALENT_math_by_gender.pdf>
Package pdftex.def Info: TALENT_math_by_gender.pdf  used on input line 520.
(pdftex.def)             Requested size: 219.5866pt x 159.70465pt.


pdfTeX warning: pdflatex.exe (file ./TALENT_verb_by_gender.pdf): PDF inclusion:
 found PDF version <1.6>, but at most version <1.5> allowed
<TALENT_verb_by_gender.pdf, id=294, 397.485pt x 289.08pt>
File: TALENT_verb_by_gender.pdf Graphic file (type pdf)
<use TALENT_verb_by_gender.pdf>
Package pdftex.def Info: TALENT_verb_by_gender.pdf  used on input line 525.
(pdftex.def)             Requested size: 219.5866pt x 159.70465pt.
[14 <./TALENT_math_occ.pdf> <./TALENT_verb_occ.pdf>]

pdfTeX warning: pdflatex.exe (file ./iq_by_gender.pdf): PDF inclusion: found PD
F version <1.6>, but at most version <1.5> allowed
<iq_by_gender.pdf, id=679, 397.485pt x 289.08pt>
File: iq_by_gender.pdf Graphic file (type pdf)
<use iq_by_gender.pdf>
Package pdftex.def Info: iq_by_gender.pdf  used on input line 535.
(pdftex.def)             Requested size: 219.5866pt x 159.70465pt.


pdfTeX warning: pdflatex.exe (file ./iq_by_gen_teach.pdf): PDF inclusion: found
 PDF version <1.6>, but at most version <1.5> allowed
<iq_by_gen_teach.pdf, id=680, 397.485pt x 289.08pt>
File: iq_by_gen_teach.pdf Graphic file (type pdf)
<use iq_by_gen_teach.pdf>
Package pdftex.def Info: iq_by_gen_teach.pdf  used on input line 541.
(pdftex.def)             Requested size: 219.5866pt x 159.70465pt.
[15 <./TALENT_math_by_gender.pdf> <./TALENT_verb_by_gender.pdf> <./iq_by_gender
.pdf> <./iq_by_gen_teach.pdf>]

LaTeX Warning: `!h' float specifier changed to `!ht'.

[16] [17]

pdfTeX warning: pdflatex.exe (file ./NLSY79_MK_occ.pdf): PDF inclusion: found P
DF version <1.6>, but at most version <1.5> allowed
<NLSY79_MK_occ.pdf, id=1223, 397.485pt x 289.08pt>
File: NLSY79_MK_occ.pdf Graphic file (type pdf)
<use NLSY79_MK_occ.pdf>
Package pdftex.def Info: NLSY79_MK_occ.pdf  used on input line 627.
(pdftex.def)             Requested size: 219.5866pt x 159.70465pt.


pdfTeX warning: pdflatex.exe (file ./NLSY79_WK_occ.pdf): PDF inclusion: found P
DF version <1.6>, but at most version <1.5> allowed
<NLSY79_WK_occ.pdf, id=1224, 397.485pt x 289.08pt>
File: NLSY79_WK_occ.pdf Graphic file (type pdf)
<use NLSY79_WK_occ.pdf>
Package pdftex.def Info: NLSY79_WK_occ.pdf  used on input line 632.
(pdftex.def)             Requested size: 219.5866pt x 159.70465pt.


pdfTeX warning: pdflatex.exe (file ./NLSY97_MK_occ.pdf): PDF inclusion: found P
DF version <1.6>, but at most version <1.5> allowed
<NLSY97_MK_occ.pdf, id=1225, 397.485pt x 289.08pt>
File: NLSY97_MK_occ.pdf Graphic file (type pdf)
<use NLSY97_MK_occ.pdf>
Package pdftex.def Info: NLSY97_MK_occ.pdf  used on input line 636.
(pdftex.def)             Requested size: 219.5866pt x 159.70465pt.


pdfTeX warning: pdflatex.exe (file ./NLSY97_WK_occ.pdf): PDF inclusion: found P
DF version <1.6>, but at most version <1.5> allowed
<NLSY97_WK_occ.pdf, id=1226, 397.485pt x 289.08pt>
File: NLSY97_WK_occ.pdf Graphic file (type pdf)
<use NLSY97_WK_occ.pdf>
Package pdftex.def Info: NLSY97_WK_occ.pdf  used on input line 641.
(pdftex.def)             Requested size: 219.5866pt x 159.70465pt.


pdfTeX warning: pdflatex.exe (file ./NLSY79_MK_gender.pdf): PDF inclusion: foun
d PDF version <1.6>, but at most version <1.5> allowed
<NLSY79_MK_gender.pdf, id=1231, 397.485pt x 289.08pt>
File: NLSY79_MK_gender.pdf Graphic file (type pdf)
<use NLSY79_MK_gender.pdf>
Package pdftex.def Info: NLSY79_MK_gender.pdf  used on input line 667.
(pdftex.def)             Requested size: 219.5866pt x 159.70465pt.


pdfTeX warning: pdflatex.exe (file ./NLSY79_WK_gender.pdf): PDF inclusion: foun
d PDF version <1.6>, but at most version <1.5> allowed
<NLSY79_WK_gender.pdf, id=1232, 397.485pt x 289.08pt>
File: NLSY79_WK_gender.pdf Graphic file (type pdf)
<use NLSY79_WK_gender.pdf>
Package pdftex.def Info: NLSY79_WK_gender.pdf  used on input line 672.
(pdftex.def)             Requested size: 219.5866pt x 159.70465pt.


pdfTeX warning: pdflatex.exe (file ./NLSY97_MK_gender.pdf): PDF inclusion: foun
d PDF version <1.6>, but at most version <1.5> allowed
<NLSY97_MK_gender.pdf, id=1233, 397.485pt x 289.08pt>
File: NLSY97_MK_gender.pdf Graphic file (type pdf)
<use NLSY97_MK_gender.pdf>
Package pdftex.def Info: NLSY97_MK_gender.pdf  used on input line 676.
(pdftex.def)             Requested size: 219.5866pt x 159.70465pt.


pdfTeX warning: pdflatex.exe (file ./NLSY97_WK_gender.pdf): PDF inclusion: foun
d PDF version <1.6>, but at most version <1.5> allowed
<NLSY97_WK_gender.pdf, id=1234, 397.485pt x 289.08pt>
File: NLSY97_WK_gender.pdf Graphic file (type pdf)
<use NLSY97_WK_gender.pdf>
Package pdftex.def Info: NLSY97_WK_gender.pdf  used on input line 681.
(pdftex.def)             Requested size: 219.5866pt x 159.70465pt.


pdfTeX warning: pdflatex.exe (file ./NLSY79_afqt79_gender.pdf): PDF inclusion: 
found PDF version <1.6>, but at most version <1.5> allowed
<NLSY79_afqt79_gender.pdf, id=1235, 397.485pt x 289.08pt>
File: NLSY79_afqt79_gender.pdf Graphic file (type pdf)
<use NLSY79_afqt79_gender.pdf>
Package pdftex.def Info: NLSY79_afqt79_gender.pdf  used on input line 691.
(pdftex.def)             Requested size: 219.5866pt x 159.70465pt.


pdfTeX warning: pdflatex.exe (file ./NLSY97_afqt97_gender.pdf): PDF inclusion: 
found PDF version <1.6>, but at most version <1.5> allowed
<NLSY97_afqt97_gender.pdf, id=1236, 397.485pt x 289.08pt>
File: NLSY97_afqt97_gender.pdf Graphic file (type pdf)
<use NLSY97_afqt97_gender.pdf>
Package pdftex.def Info: NLSY97_afqt97_gender.pdf  used on input line 696.
(pdftex.def)             Requested size: 219.5866pt x 159.70465pt.
[18] [19 <./NLSY79_MK_occ.pdf> <./NLSY79_WK_occ.pdf> <./NLSY97_MK_occ.pdf> <./N
LSY97_WK_occ.pdf>] [20 <./NLSY79_MK_gender.pdf> <./NLSY79_WK_gender.pdf> <./NLS
Y97_MK_gender.pdf> <./NLSY97_WK_gender.pdf> <./NLSY79_afqt79_gender.pdf> <./NLS
Y97_afqt97_gender.pdf>]
Overfull \hbox (12.60599pt too wide) in paragraph at lines 714--715
[]\OT1/ppl/m/n/10.95 Last but not least, we use these skill pro-files to projec
t the sur-vey re-spon-dents' three-dimensional
 []

[21] [22] [23]
Overfull \hbox (59.14323pt too wide) in paragraph at lines 837--862
 [][] 
 []


LaTeX Warning: `!h' float specifier changed to `!ht'.

Package epstopdf Info: Source file: <A_men_70_10.eps>
(epstopdf)                    date: 2023-08-07 15:32:26
(epstopdf)                    size: 23029 bytes
(epstopdf)             Output file: <A_men_70_10-eps-converted-to.pdf>
(epstopdf)                    date: 2023-08-07 19:44:51
(epstopdf)                    size: 17823 bytes
(epstopdf)             Command: <miktex-epstopdf --outfile=A_men_70_10-eps-conv
erted-to.pdf A_men_70_10.eps>
(epstopdf)             \includegraphics on input line 893.
Package epstopdf Info: Output file is already uptodate.


pdfTeX warning: pdflatex.exe (file ./A_men_70_10-eps-converted-to.pdf): PDF inc
lusion: found PDF version <1.7>, but at most version <1.5> allowed
<A_men_70_10-eps-converted-to.pdf, id=2477, 433.62pt x 289.08pt>
File: A_men_70_10-eps-converted-to.pdf Graphic file (type pdf)
<use A_men_70_10-eps-converted-to.pdf>
Package pdftex.def Info: A_men_70_10-eps-converted-to.pdf  used on input line 8
93.
(pdftex.def)             Requested size: 358.50609pt x 239.01443pt.
Package epstopdf Info: Source file: <tau_w_women_70_10.eps>
(epstopdf)                    date: 2023-08-06 16:16:23
(epstopdf)                    size: 23238 bytes
(epstopdf)             Output file: <tau_w_women_70_10-eps-converted-to.pdf>
(epstopdf)                    date: 2023-08-07 19:44:52
(epstopdf)                    size: 18661 bytes
(epstopdf)             Command: <miktex-epstopdf --outfile=tau_w_women_70_10-ep
s-converted-to.pdf tau_w_women_70_10.eps>
(epstopdf)             \includegraphics on input line 901.
Package epstopdf Info: Output file is already uptodate.


pdfTeX warning: pdflatex.exe (file ./tau_w_women_70_10-eps-converted-to.pdf): P
DF inclusion: found PDF version <1.7>, but at most version <1.5> allowed
<tau_w_women_70_10-eps-converted-to.pdf, id=2478, 433.62pt x 289.08pt>
File: tau_w_women_70_10-eps-converted-to.pdf Graphic file (type pdf)
<use tau_w_women_70_10-eps-converted-to.pdf>
Package pdftex.def Info: tau_w_women_70_10-eps-converted-to.pdf  used on input 
line 901.
(pdftex.def)             Requested size: 358.50609pt x 239.01443pt.
[24] [25 <./A_men_70_10-eps-converted-to.pdf> <./tau_w_women_70_10-eps-converte
d-to.pdf>]
Package epstopdf Info: Source file: <fT_women_steadystate.eps>
(epstopdf)                    date: 2023-08-06 15:06:02
(epstopdf)                    size: 31902 bytes
(epstopdf)             Output file: <fT_women_steadystate-eps-converted-to.pdf>

(epstopdf)                    date: 2023-08-07 19:44:54
(epstopdf)                    size: 16915 bytes
(epstopdf)             Command: <miktex-epstopdf --outfile=fT_women_steadystate
-eps-converted-to.pdf fT_women_steadystate.eps>
(epstopdf)             \includegraphics on input line 926.
Package epstopdf Info: Output file is already uptodate.


pdfTeX warning: pdflatex.exe (file ./fT_women_steadystate-eps-converted-to.pdf)
: PDF inclusion: found PDF version <1.7>, but at most version <1.5> allowed
<fT_women_steadystate-eps-converted-to.pdf, id=2564, 433.62pt x 289.08pt>
File: fT_women_steadystate-eps-converted-to.pdf Graphic file (type pdf)
<use fT_women_steadystate-eps-converted-to.pdf>
Package pdftex.def Info: fT_women_steadystate-eps-converted-to.pdf  used on inp
ut line 926.
(pdftex.def)             Requested size: 358.50609pt x 239.01443pt.
Package epstopdf Info: Source file: <fT_men_steadystate.eps>
(epstopdf)                    date: 2023-08-06 15:06:02
(epstopdf)                    size: 30979 bytes
(epstopdf)             Output file: <fT_men_steadystate-eps-converted-to.pdf>
(epstopdf)                    date: 2023-08-07 19:44:55
(epstopdf)                    size: 17258 bytes
(epstopdf)             Command: <miktex-epstopdf --outfile=fT_men_steadystate-e
ps-converted-to.pdf fT_men_steadystate.eps>
(epstopdf)             \includegraphics on input line 935.
Package epstopdf Info: Output file is already uptodate.


pdfTeX warning: pdflatex.exe (file ./fT_men_steadystate-eps-converted-to.pdf): 
PDF inclusion: found PDF version <1.7>, but at most version <1.5> allowed
<fT_men_steadystate-eps-converted-to.pdf, id=2565, 433.62pt x 289.08pt>
File: fT_men_steadystate-eps-converted-to.pdf Graphic file (type pdf)
<use fT_men_steadystate-eps-converted-to.pdf>
Package pdftex.def Info: fT_men_steadystate-eps-converted-to.pdf  used on input
 line 935.
(pdftex.def)             Requested size: 358.50609pt x 239.01443pt.
Package epstopdf Info: Source file: <eT_women_steadystate.eps>
(epstopdf)                    date: 2023-08-06 15:06:02
(epstopdf)                    size: 33200 bytes
(epstopdf)             Output file: <eT_women_steadystate-eps-converted-to.pdf>

(epstopdf)                    date: 2023-08-07 19:44:56
(epstopdf)                    size: 19184 bytes
(epstopdf)             Command: <miktex-epstopdf --outfile=eT_women_steadystate
-eps-converted-to.pdf eT_women_steadystate.eps>
(epstopdf)             \includegraphics on input line 954.
Package epstopdf Info: Output file is already uptodate.


pdfTeX warning: pdflatex.exe (file ./eT_women_steadystate-eps-converted-to.pdf)
: PDF inclusion: found PDF version <1.7>, but at most version <1.5> allowed
<eT_women_steadystate-eps-converted-to.pdf, id=2566, 433.62pt x 289.08pt>
File: eT_women_steadystate-eps-converted-to.pdf Graphic file (type pdf)
<use eT_women_steadystate-eps-converted-to.pdf>
Package pdftex.def Info: eT_women_steadystate-eps-converted-to.pdf  used on inp
ut line 954.
(pdftex.def)             Requested size: 358.50609pt x 239.01443pt.
[26 <./fT_women_steadystate-eps-converted-to.pdf>] [27 <./fT_men_steadystate-ep
s-converted-to.pdf> <./eT_women_steadystate-eps-converted-to.pdf>] [28]
(version0-14.bbl) [29] [30] [31] [32] [33] [34]
Overfull \hbox (21.00325pt too wide) in paragraph at lines 1190--1197
[][]\OT1/ppl/m/it/10.95 The oc-cu-pa-tional choice bound-ary, de-noted $[]\OT1/
cmr/m/n/10.95 (\OML/cmm/m/it/10.95 a[]\OT1/cmr/m/n/10.95 )$\OT1/ppl/m/it/10.95 
,
 []

[35] [36] (version0-14.aux)
 ***********
LaTeX2e <2023-06-01> patch level 1
L3 programming layer <2023-06-30>
 ***********


LaTeX Warning: There were multiply-defined labels.

Package rerunfilecheck Info: File `version0-14.out' has not changed.
(rerunfilecheck)             Checksum: 5FB542610EC35A56BB64E6E304BFEC8D;3980.
 ) 
Here is how much of TeX's memory you used:
 21365 strings out of 475551
 373893 string characters out of 5762555
 1941238 words of memory out of 5000000
 42000 multiletter control sequences out of 15000+600000
 597419 words of font info for 143 fonts, out of 8000000 for 9000
 1141 hyphenation exceptions out of 8191
 75i,18n,117p,1781b,565s stack positions out of 10000i,1000n,20000p,200000b,200000s
<C:/Users/julia/AppData/Local/Programs/MiKTeX/fonts/type1/public/amsfonts/cm/
cmex10.pfb><C:/Users/julia/AppData/Local/Programs/MiKTeX/fonts/type1/public/ams
fonts/cmextra/cmex7.pfb><C:/Users/julia/AppData/Local/Programs/MiKTeX/fonts/typ
e1/public/amsfonts/cmextra/cmex8.pfb><C:/Users/julia/AppData/Local/Programs/MiK
TeX/fonts/type1/public/amsfonts/cmextra/cmex9.pfb><C:/Users/julia/AppData/Local
/Programs/MiKTeX/fonts/type1/public/amsfonts/cm/cmmi10.pfb><C:/Users/julia/AppD
ata/Local/Programs/MiKTeX/fonts/type1/public/amsfonts/cm/cmmi5.pfb><C:/Users/ju
lia/AppData/Local/Programs/MiKTeX/fonts/type1/public/amsfonts/cm/cmmi6.pfb><C:/
Users/julia/AppData/Local/Programs/MiKTeX/fonts/type1/public/amsfonts/cm/cmmi7.
pfb><C:/Users/julia/AppData/Local/Programs/MiKTeX/fonts/type1/public/amsfonts/c
m/cmmi8.pfb><C:/Users/julia/AppData/Local/Programs/MiKTeX/fonts/type1/public/am
sfonts/cm/cmmi9.pfb><C:/Users/julia/AppData/Local/Programs/MiKTeX/fonts/type1/p
ublic/amsfonts/cm/cmr10.pfb><C:/Users/julia/AppData/Local/Programs/MiKTeX/fonts
/type1/public/amsfonts/cm/cmr5.pfb><C:/Users/julia/AppData/Local/Programs/MiKTe
X/fonts/type1/public/amsfonts/cm/cmr6.pfb><C:/Users/julia/AppData/Local/Program
s/MiKTeX/fonts/type1/public/amsfonts/cm/cmr7.pfb><C:/Users/julia/AppData/Local/
Programs/MiKTeX/fonts/type1/public/amsfonts/cm/cmr8.pfb><C:/Users/julia/AppData
/Local/Programs/MiKTeX/fonts/type1/public/amsfonts/cm/cmr9.pfb><C:/Users/julia/
AppData/Local/Programs/MiKTeX/fonts/type1/public/amsfonts/cm/cmsy10.pfb><C:/Use
rs/julia/AppData/Local/Programs/MiKTeX/fonts/type1/public/amsfonts/cm/cmsy5.pfb
><C:/Users/julia/AppData/Local/Programs/MiKTeX/fonts/type1/public/amsfonts/cm/c
msy6.pfb><C:/Users/julia/AppData/Local/Programs/MiKTeX/fonts/type1/public/amsfo
nts/cm/cmsy8.pfb><C:/Users/julia/AppData/Local/Programs/MiKTeX/fonts/type1/publ
ic/amsfonts/cm/cmsy9.pfb><C:/Users/julia/AppData/Local/Programs/MiKTeX/fonts/ty
pe1/urw/helvetic/uhvr8a.pfb><C:/Users/julia/AppData/Local/Programs/MiKTeX/fonts
/type1/urw/palatino/uplb8a.pfb><C:/Users/julia/AppData/Local/Programs/MiKTeX/fo
nts/type1/urw/palatino/uplr8a.pfb><C:/Users/julia/AppData/Local/Programs/MiKTeX
/fonts/type1/urw/palatino/uplr8a.pfb><C:/Users/julia/AppData/Local/Programs/MiK
TeX/fonts/type1/urw/palatino/uplri8a.pfb>
Output written on version0-14.pdf (37 pages, 1655344 bytes).
PDF statistics:
 2953 PDF objects out of 2984 (max. 8388607)
 183 named destinations out of 1000 (max. 500000)
 306 words of extra memory for PDF output out of 10000 (max. 10000000)

