------------------------------------------------------------------------------------------------------------------------------------------------------------------------------------------------------------------------------------------------------------
      name:  <unnamed>
       log:  C:\Users\iuliia\Desktop\occup_spec_ability\occ_spec_ab_corr.log
  log type:  text
 opened on:  15 Mar 2022, 10:15:25

. use "C:\Users\iuliia\Desktop\occup_spec_ability\nlsy79_occ_spec_ab.dta", clear

. corr ab_occ1 ab_occ2 ab_occ3 ab_occ4 ab_occ5 ab_occ6 ab_occ7 ab_occ8 ab_occ9 ab_occ10 ab_occ11 ab_occ12 ab_occ13 ab_occ14 ab_occ15 ab_occ16 ab_occ17 ab_occ18 ab_occ19 ab_occ100
(obs=9,930)

             |  ab_occ1  ab_occ2  ab_occ3  ab_occ4  ab_occ5  ab_occ6  ab_occ7  ab_occ8  ab_occ9 ab_occ10 ab_occ11 ab_occ12 ab_occ13 ab_occ14 ab_occ15 ab_occ16 ab_occ17 ab_occ18 ab_occ19 ab_o~100
-------------+------------------------------------------------------------------------------------------------------------------------------------------------------------------------------------
     ab_occ1 |   1.0000
     ab_occ2 |   0.9878   1.0000
     ab_occ3 |   0.8144   0.8869   1.0000
     ab_occ4 |   0.9885   0.9987   0.8847   1.0000
     ab_occ5 |   0.9904   0.9980   0.8783   0.9998   1.0000
     ab_occ6 |   0.9964   0.9962   0.8544   0.9976   0.9984   1.0000
     ab_occ7 |   0.9863   0.9970   0.8887   0.9995   0.9995   0.9964   1.0000
     ab_occ8 |   0.9778   0.9373   0.6942   0.9416   0.9466   0.9609   0.9398   1.0000
     ab_occ9 |   0.8130   0.8858   1.0000   0.8836   0.8772   0.8532   0.8876   0.6925   1.0000
    ab_occ10 |   0.9080   0.8397   0.5200   0.8408   0.8479   0.8730   0.8354   0.9656   0.5180   1.0000
    ab_occ11 |   0.9936   0.9651   0.7511   0.9664   0.9699   0.9812   0.9638   0.9934   0.7496   0.9473   1.0000
    ab_occ12 |   0.9881   0.9540   0.7269   0.9566   0.9608   0.9735   0.9543   0.9978   0.7253   0.9569   0.9987   1.0000
    ab_occ13 |   0.7607   0.6625   0.2722   0.6662   0.6762   0.7107   0.6600   0.8679   0.2700   0.9586   0.8243   0.8445   1.0000
    ab_occ14 |   0.9885   0.9986   0.8803   0.9954   0.9948   0.9943   0.9928   0.9386   0.8792   0.8489   0.9679   0.9563   0.6730   1.0000
    ab_occ15 |   0.8053   0.8797   0.9994   0.8771   0.8705   0.8461   0.8808   0.6822   0.9994   0.5071   0.7408   0.7159   0.2569   0.8734   1.0000
    ab_occ16 |   0.9070   0.9577   0.9798   0.9544   0.9499   0.9347   0.9551   0.8108   0.9793   0.6671   0.8587   0.8386   0.4413   0.9545   0.9773   1.0000
    ab_occ17 |   0.7105   0.8001   0.9842   0.7971   0.7889   0.7591   0.8020   0.5697   0.9846   0.3776   0.6358   0.6075   0.1155   0.7922   0.9878   0.9340   1.0000
    ab_occ18 |   0.8020   0.8770   0.9994   0.8744   0.8677   0.8431   0.8782   0.6783   0.9994   0.5023   0.7371   0.7120   0.2516   0.8706   1.0000   0.9760   0.9886   1.0000
    ab_occ19 |   0.9802   0.9988   0.9040   0.9962   0.9948   0.9912   0.9945   0.9220   0.9030   0.8191   0.9537   0.9409   0.6338   0.9980   0.8976   0.9688   0.8224   0.8950   1.0000
   ab_occ100 |   0.9776   0.9356   0.6880   0.9383   0.9432   0.9586   0.9357   0.9988   0.6863   0.9718   0.9947   0.9982   0.8738   0.9391   0.6763   0.8073   0.5630   0.6723   0.9206   1.0000

. use "C:\Users\iuliia\Desktop\occup_spec_ability\nlsy97_occ_spec_ab.dta", clear

. corr ab_occ1 ab_occ2 ab_occ3 ab_occ4 ab_occ5 ab_occ6 ab_occ7 ab_occ8 ab_occ9 ab_occ10 ab_occ11 ab_occ12 ab_occ13 ab_occ14 ab_occ15 ab_occ16 ab_occ17 ab_occ18 ab_occ19 ab_occ100
(obs=6,263)

             |  ab_occ1  ab_occ2  ab_occ3  ab_occ4  ab_occ5  ab_occ6  ab_occ7  ab_occ8  ab_occ9 ab_occ10 ab_occ11 ab_occ12 ab_occ13 ab_occ14 ab_occ15 ab_occ16 ab_occ17 ab_occ18 ab_occ19 ab_o~100
-------------+------------------------------------------------------------------------------------------------------------------------------------------------------------------------------------
     ab_occ1 |   1.0000
     ab_occ2 |   0.9809   1.0000
     ab_occ3 |   0.7387   0.8489   1.0000
     ab_occ4 |   0.9821   0.9973   0.8437   1.0000
     ab_occ5 |   0.9848   0.9960   0.8334   0.9997   1.0000
     ab_occ6 |   0.9942   0.9935   0.7984   0.9964   0.9976   1.0000
     ab_occ7 |   0.9779   0.9936   0.8469   0.9990   0.9991   0.9943   1.0000
     ab_occ8 |   0.9559   0.8869   0.5434   0.8993   0.9081   0.9303   0.8987   1.0000
     ab_occ9 |   0.7371   0.8476   1.0000   0.8425   0.8322   0.7970   0.8458   0.5416   1.0000
    ab_occ10 |   0.8548   0.7490   0.3125   0.7480   0.7583   0.7983   0.7372   0.9321   0.3101   1.0000
    ab_occ11 |   0.9896   0.9441   0.6414   0.9466   0.9520   0.9700   0.9417   0.9827   0.6395   0.9169   1.0000
    ab_occ12 |   0.9790   0.9229   0.6009   0.9296   0.9365   0.9565   0.9265   0.9943   0.5991   0.9278   0.9968   1.0000
    ab_occ13 |   0.6797   0.5353   0.0393   0.5423   0.5571   0.6070   0.5341   0.8347   0.0370   0.9516   0.7736   0.8034   1.0000
    ab_occ14 |   0.9796   0.9969   0.8378   0.9895   0.9878   0.9877   0.9830   0.8813   0.8364   0.7645   0.9458   0.9215   0.5482   1.0000
    ab_occ15 |   0.7238   0.8375   0.9990   0.8304   0.8195   0.7840   0.8326   0.5219   0.9989   0.2949   0.6246   0.5821   0.0183   0.8280   1.0000
    ab_occ16 |   0.8552   0.9365   0.9760   0.9280   0.9201   0.8973   0.9261   0.6847   0.9754   0.4948   0.7776   0.7401   0.2301   0.9323   0.9732   1.0000
    ab_occ17 |   0.6136   0.7463   0.9827   0.7382   0.7254   0.6832   0.7418   0.3928   0.9831   0.1535   0.5027   0.4566  -0.1258   0.7354   0.9877   0.9272   1.0000
    ab_occ18 |   0.7202   0.8346   0.9990   0.8277   0.8168   0.7810   0.8301   0.5181   0.9990   0.2898   0.6206   0.5781   0.0132   0.8249   1.0000   0.9719   0.9884   1.0000
    ab_occ19 |   0.9684   0.9980   0.8737   0.9926   0.9900   0.9848   0.9882   0.8593   0.8725   0.7182   0.9252   0.9001   0.4934   0.9967   0.8640   0.9542   0.7787   0.8613   1.0000
   ab_occ100 |   0.9619   0.8930   0.5426   0.9001   0.9082   0.9324   0.8963   0.9962   0.5406   0.9506   0.9902   0.9971   0.8448   0.8935   0.5230   0.6909   0.3926   0.5188   0.8673   1.0000

. label var ab_occ1 "Executives, Administrative, and Managerial"
. label var ab_occ2 "Management Related"
. label var ab_occ3 "Architects, Engineers, Math, and Computer Science"
. label var ab_occ4 "Natural and Social Scientists, Recreation, Religious, Arts, Athletes"
. label var ab_occ5 "Doctors and Lawyers"
. label var ab_occ6 "Nurses, Therapists, and Other Health Service"
. label var ab_occ7 "Teachers, Postsecondary"
. label var ab_occ8 "Teachers, Non-Postsecondary and Librarians"
. label var ab_occ9 "Health and Science Technicians"
. label var ab_occ10 "Sales, All"
. label var ab_occ11 "Administrative Support, Clerks, Record Keepers"
. label var ab_occ12 "Fire, Police, and Guards"
. label var ab_occ13 "Food, Cleaning, and Personal Services and Private Household"
. label var ab_occ14 "Farm, Related Agrigulture, Logging, and Extraction"
. label var ab_occ15 "Mechanics and Construction"
. label var ab_occ16 "Precision Manufacturing"
. label var ab_occ17 "Manufacturing Operators"
. label var ab_occ18 "Fabricators, Inspectors, and Material Handlers"
. label var ab_occ19 "Vehicle Operators"
. label var ab_occ100 "Kindergarten - Secondary Teachers"

. log close
      name:  <unnamed>
       log:  C:\Users\iuliia\Desktop\occup_spec_ability\occ_spec_ab_corr.log
  log type:  text
 closed on:  15 Mar 2022, 10:17:04
------------------------------------------------------------------------------------------------------------------------------------------------------------------------------------------------------------------------------------------------------------
