----------------------------------------------------------------------------------------------------------------------------------------------------------------------------------------------------------------------------------------------
      name:  <unnamed>
       log:  C:\Users\iuliia\Desktop\occup_spec_ability\skill_requirements_groups.log
  log type:  text
 opened on:  11 Mar 2022, 12:38:37

. sum skill_v skill_m skill_s if groups_broad_teach!=. 

    Variable |        Obs        Mean    Std. dev.       Min        Max
-------------+---------------------------------------------------------
     skill_v |        808    3.286474    1.001994          0   5.855381
     skill_m |        808    3.051448    1.011339          0   6.107825
     skill_s |        808    3.457757    .9930664   .9106128      6.816

. 
. bysort groups_broad_teach : sum skill_v skill_m skill_s

----------------------------------------------------------------------------------------------------------------------------------------------------------------------------------------------------------------------------------------------
-> groups_broad_teach = Executives, Administrative, and Managerial

    Variable |        Obs        Mean    Std. dev.       Min        Max
-------------+---------------------------------------------------------
     skill_v |         42    3.883869       .4857   3.061918   4.980167
     skill_m |         42    3.547385    .5926348   2.548724    4.88461
     skill_s |         42    4.839285    .5794875   3.407762   5.920258

----------------------------------------------------------------------------------------------------------------------------------------------------------------------------------------------------------------------------------------------
-> groups_broad_teach = Management Related

    Variable |        Obs        Mean    Std. dev.       Min        Max
-------------+---------------------------------------------------------
     skill_v |         38    3.687361    .4074332   3.066217   4.526089
     skill_m |         38    3.425691    .4291899   2.451759   4.400357
     skill_s |         38    4.054711    .7097588   2.773835   5.528073

----------------------------------------------------------------------------------------------------------------------------------------------------------------------------------------------------------------------------------------------
-> groups_broad_teach = Architects, Engineers, Math, and Computer Science

    Variable |        Obs        Mean    Std. dev.       Min        Max
-------------+---------------------------------------------------------
     skill_v |         42    4.833321    .5064764   3.332117   5.855381
     skill_m |         42    4.883322    .5591496   3.146059   5.797456
     skill_s |         42    3.606983    .4798356   2.572173   4.644598

----------------------------------------------------------------------------------------------------------------------------------------------------------------------------------------------------------------------------------------------
-> groups_broad_teach = Natural and Social Scientists, Recreation, Religious, Arts, Athletes

    Variable |        Obs        Mean    Std. dev.       Min        Max
-------------+---------------------------------------------------------
     skill_v |         82    3.702262    1.071056   1.309553   5.810083
     skill_m |         82     3.31133      1.2275   1.007718   6.107825
     skill_s |         82    3.909758     .756566   2.434082      6.816

----------------------------------------------------------------------------------------------------------------------------------------------------------------------------------------------------------------------------------------------
-> groups_broad_teach = Doctors and Lawyers

    Variable |        Obs        Mean    Std. dev.       Min        Max
-------------+---------------------------------------------------------
     skill_v |         12    4.067653    .4316553   3.124717   4.755734
     skill_m |         12    3.531334    .6095628   2.319395   4.202831
     skill_s |         12    4.364923    .5303369    3.80757   5.368614

----------------------------------------------------------------------------------------------------------------------------------------------------------------------------------------------------------------------------------------------
-> groups_broad_teach = Nurses, Therapists, and Other Health Service

    Variable |        Obs        Mean    Std. dev.       Min        Max
-------------+---------------------------------------------------------
     skill_v |         34     3.75594    .7221636    2.32903   4.870591
     skill_m |         34    3.302409    .7427198   1.960614   4.530467
     skill_s |         34     4.18956    .8450083   1.675328   5.586625

----------------------------------------------------------------------------------------------------------------------------------------------------------------------------------------------------------------------------------------------
-> groups_broad_teach = Teachers, Postsecondary

    Variable |        Obs        Mean    Std. dev.       Min        Max
-------------+---------------------------------------------------------
     skill_v |         35    3.987349    .5929709    2.82584   5.276566
     skill_m |         35     3.40469    .8874128   2.211527   5.231784
     skill_s |         35    3.992729     .211149   3.650746   4.584289

----------------------------------------------------------------------------------------------------------------------------------------------------------------------------------------------------------------------------------------------
-> groups_broad_teach = Teachers, Non-Postsecondary and Librarians

    Variable |        Obs        Mean    Std. dev.       Min        Max
-------------+---------------------------------------------------------
     skill_v |         11     3.59144    .4622476   2.859617   4.309765
     skill_m |         11    2.914914    .5007719    2.31979    3.89708
     skill_s |         11    4.782317    .8578105   3.347634   5.800962

----------------------------------------------------------------------------------------------------------------------------------------------------------------------------------------------------------------------------------------------
-> groups_broad_teach = Health and Science Technicians

    Variable |        Obs        Mean    Std. dev.       Min        Max
-------------+---------------------------------------------------------
     skill_v |         65     4.04407    .5575867   2.689878   5.382079
     skill_m |         65    3.851915    .7038736    2.05835   5.622648
     skill_s |         65    3.282372    .5530475   2.015611    5.11695

----------------------------------------------------------------------------------------------------------------------------------------------------------------------------------------------------------------------------------------------
-> groups_broad_teach = Sales, All

    Variable |        Obs        Mean    Std. dev.       Min        Max
-------------+---------------------------------------------------------
     skill_v |         22    2.700968    .8806303     .19205   4.214796
     skill_m |         22     2.56906    .8706717   .1539413   4.025626
     skill_s |         22    4.258413      .95423   1.774853    5.60035

----------------------------------------------------------------------------------------------------------------------------------------------------------------------------------------------------------------------------------------------
-> groups_broad_teach = Administrative Support, Clerks, Record Keepers

    Variable |        Obs        Mean    Std. dev.       Min        Max
-------------+---------------------------------------------------------
     skill_v |         63    2.784138    .5610688    1.36397   3.924779
     skill_m |         63    2.498153    .5966441   1.142334   4.454144
     skill_s |         63    3.395355    .8107219   1.371525   5.512195

----------------------------------------------------------------------------------------------------------------------------------------------------------------------------------------------------------------------------------------------
-> groups_broad_teach = Fire, Police, and Guards

    Variable |        Obs        Mean    Std. dev.       Min        Max
-------------+---------------------------------------------------------
     skill_v |         28    3.082134    1.024046   .4947894    4.38594
     skill_m |         28    2.622756     .991731   .1948933   4.144905
     skill_s |         28    4.022943    .7538571   2.576388   5.385684

----------------------------------------------------------------------------------------------------------------------------------------------------------------------------------------------------------------------------------------------
-> groups_broad_teach = Food, Cleaning, and Personal Services and Private Household

    Variable |        Obs        Mean    Std. dev.       Min        Max
-------------+---------------------------------------------------------
     skill_v |         49    2.176747    .8175761   .7055768   4.479617
     skill_m |         49    1.950357    .7632141   .7658492   3.897343
     skill_s |         49    3.475275    .9260589   1.838516    5.30709

----------------------------------------------------------------------------------------------------------------------------------------------------------------------------------------------------------------------------------------------
-> groups_broad_teach = Farm, Related Agrigulture, Logging, and Extraction

    Variable |        Obs        Mean    Std. dev.       Min        Max
-------------+---------------------------------------------------------
     skill_v |         30    2.643549    .9898737          0   4.654112
     skill_m |         30    2.591638     .947973          0   4.370286
     skill_s |         30    3.018258    .9994756    1.12266   4.990435

----------------------------------------------------------------------------------------------------------------------------------------------------------------------------------------------------------------------------------------------
-> groups_broad_teach = Mechanics and Construction

    Variable |        Obs        Mean    Std. dev.       Min        Max
-------------+---------------------------------------------------------
     skill_v |         98     3.05786    .7745318   1.251127   4.710465
     skill_m |         98    2.950252     .690247   .9868494      4.409
     skill_s |         98    2.724514     .553091    1.68481   4.434947

----------------------------------------------------------------------------------------------------------------------------------------------------------------------------------------------------------------------------------------------
-> groups_broad_teach = Precision Manufacturing

    Variable |        Obs        Mean    Std. dev.       Min        Max
-------------+---------------------------------------------------------
     skill_v |         41    2.727611    .7781739   .9159819   4.198329
     skill_m |         41     2.69103    .6862543   1.038648   3.994023
     skill_s |         41    2.715898     .778048    1.58092   4.822183

----------------------------------------------------------------------------------------------------------------------------------------------------------------------------------------------------------------------------------------------
-> groups_broad_teach = Manufacturing Operators

    Variable |        Obs        Mean    Std. dev.       Min        Max
-------------+---------------------------------------------------------
     skill_v |         58    2.562231    .7613691   .8557204   4.178329
     skill_m |         58    2.490685    .7439255   .8260526   4.074812
     skill_s |         58    2.256955    .5517098   .9234375   3.660124

----------------------------------------------------------------------------------------------------------------------------------------------------------------------------------------------------------------------------------------------
-> groups_broad_teach = Fabricators, Inspectors, and Material Handlers

    Variable |        Obs        Mean    Std. dev.       Min        Max
-------------+---------------------------------------------------------
     skill_v |         22    2.406183    .7398739   1.268657   4.036169
     skill_m |         22    2.288277    .7300986   1.178624   3.909984
     skill_s |         22    2.262834    .5461453   1.316988   3.391785

----------------------------------------------------------------------------------------------------------------------------------------------------------------------------------------------------------------------------------------------
-> groups_broad_teach = Vehicle Operators

    Variable |        Obs        Mean    Std. dev.       Min        Max
-------------+---------------------------------------------------------
     skill_v |         26    2.788946    .5416484   1.972024   4.059422
     skill_m |         26    2.643538    .4858319   2.070802      3.917
     skill_s |         26    2.957052    .7907881   .9106128   4.977541

----------------------------------------------------------------------------------------------------------------------------------------------------------------------------------------------------------------------------------------------
-> groups_broad_teach = Kindergarten - Secondary Teachers

    Variable |        Obs        Mean    Std. dev.       Min        Max
-------------+---------------------------------------------------------
     skill_v |         10    3.455324    .6001465    2.27749   4.099569
     skill_m |         10    2.986668    .6211803   1.861783   3.665586
     skill_s |         10    4.692135    .4829845   3.564082    5.30027

----------------------------------------------------------------------------------------------------------------------------------------------------------------------------------------------------------------------------------------------
-> groups_broad_teach = .

    Variable |        Obs        Mean    Std. dev.       Min        Max
-------------+---------------------------------------------------------
     skill_v |        115    3.401106    .9843284   1.084261   4.943202
     skill_m |        115    3.123584    .9180031     1.0729   4.966202
     skill_s |        115    3.579293     1.04573          0   6.092169


. 
. sum skill_v_rank skill_m_rank skill_s_rank if groups_broad_teach!=.

    Variable |        Obs        Mean    Std. dev.       Min        Max
-------------+---------------------------------------------------------
skill_v_rank |        808    .4954625     .287494   .0010834          1
skill_m_rank |        808     .496861    .2880995   .0010834          1
skill_s_rank |        808    .4954974    .2888399   .0021668          1

. 
. bysort groups_broad_teach : sum skill_v_rank skill_m_rank skill_s_rank

----------------------------------------------------------------------------------------------------------------------------------------------------------------------------------------------------------------------------------------------
-> groups_broad_teach = Executives, Administrative, and Managerial

    Variable |        Obs        Mean    Std. dev.       Min        Max
-------------+---------------------------------------------------------
skill_v_rank |         42    .6827375    .1563682   .3889491   .9599133
skill_m_rank |         42    .6679823     .170379   .3163597   .9544962
skill_s_rank |         42    .8751741     .110105   .4983749   .9967498

----------------------------------------------------------------------------------------------------------------------------------------------------------------------------------------------------------------------------------------------
-> groups_broad_teach = Management Related

    Variable |        Obs        Mean    Std. dev.       Min        Max
-------------+---------------------------------------------------------
skill_v_rank |         38    .6205166     .148128   .3900325   .8786566
skill_m_rank |         38     .642071    .1441893   .2708559   .9100758
skill_s_rank |         38    .6805041    .1959741    .255688   .9869989

----------------------------------------------------------------------------------------------------------------------------------------------------------------------------------------------------------------------------------------------
-> groups_broad_teach = Architects, Engineers, Math, and Computer Science

    Variable |        Obs        Mean    Std. dev.       Min        Max
-------------+---------------------------------------------------------
skill_v_rank |         42    .9172729     .100771   .4821235          1
skill_m_rank |         42    .9363102      .08706   .5568798   .9989166
skill_s_rank |         42    .5559253    .1631441   .1993499   .8602384

----------------------------------------------------------------------------------------------------------------------------------------------------------------------------------------------------------------------------------------------
-> groups_broad_teach = Natural and Social Scientists, Recreation, Religious, Arts, Athletes

    Variable |        Obs        Mean    Std. dev.       Min        Max
-------------+---------------------------------------------------------
skill_v_rank |         82    .6117512    .3047013   .0238353   .9989166
skill_m_rank |         82    .5544751    .3359943   .0173348          1
skill_s_rank |         82    .6323098    .1951721   .1495125          1

----------------------------------------------------------------------------------------------------------------------------------------------------------------------------------------------------------------------------------------------
-> groups_broad_teach = Doctors and Lawyers

    Variable |        Obs        Mean    Std. dev.       Min        Max
-------------+---------------------------------------------------------
skill_v_rank |         12    .7511737    .1373494   .4084507   .9328277
skill_m_rank |         12     .665493     .202738   .2340195   .8689057
skill_s_rank |         12    .7815999    .1151968   .6381365   .9696642

----------------------------------------------------------------------------------------------------------------------------------------------------------------------------------------------------------------------------------------------
-> groups_broad_teach = Nurses, Therapists, and Other Health Service

    Variable |        Obs        Mean    Std. dev.       Min        Max
-------------+---------------------------------------------------------
skill_v_rank |         34    .6360334    .2399942   .1787649   .9534128
skill_m_rank |         34    .5839335    .2469391   .1267606   .9198266
skill_s_rank |         34    .7175451    .2348756   .0238353   .9913326

----------------------------------------------------------------------------------------------------------------------------------------------------------------------------------------------------------------------------------------------
-> groups_broad_teach = Teachers, Postsecondary

    Variable |        Obs        Mean    Std. dev.       Min        Max
-------------+---------------------------------------------------------
skill_v_rank |         35    .7086829    .1778102   .3239437   .9869989
skill_m_rank |         35    .5942733    .2661969   .1982665   .9804984
skill_s_rank |         35    .6969819    .0615125   .5893825   .8472373

----------------------------------------------------------------------------------------------------------------------------------------------------------------------------------------------------------------------------------------------
-> groups_broad_teach = Teachers, Non-Postsecondary and Librarians

    Variable |        Obs        Mean    Std. dev.       Min        Max
-------------+---------------------------------------------------------
skill_v_rank |         11    .5872156    .1676809   .3304442   .8331528
skill_m_rank |         11    .4539545    .1826242   .2351029   .7898158
skill_s_rank |         11     .837585    .1963877   .4745395   .9934995

----------------------------------------------------------------------------------------------------------------------------------------------------------------------------------------------------------------------------------------------
-> groups_broad_teach = Health and Science Technicians

    Variable |        Obs        Mean    Std. dev.       Min        Max
-------------+---------------------------------------------------------
skill_v_rank |         65    .7305942    .1686691   .2849404   .9902492
skill_m_rank |         65    .7426286    .1879952   .1538462   .9978331
skill_s_rank |         65    .4405534    .1841154    .071506   .9425786

----------------------------------------------------------------------------------------------------------------------------------------------------------------------------------------------------------------------------------------------
-> groups_broad_teach = Sales, All

    Variable |        Obs        Mean    Std. dev.       Min        Max
-------------+---------------------------------------------------------
skill_v_rank |         22    .3291145     .213102   .0021668   .8125677
skill_m_rank |         22    .3775731    .2241331   .0021668   .8201517
skill_s_rank |         22    .7253521    .2636263   .0390032    .992416

----------------------------------------------------------------------------------------------------------------------------------------------------------------------------------------------------------------------------------------------
-> groups_broad_teach = Administrative Support, Clerks, Record Keepers

    Variable |        Obs        Mean    Std. dev.       Min        Max
-------------+---------------------------------------------------------
skill_v_rank |         63     .327022    .1647537   .0270856    .731311
skill_m_rank |         63    .3186469    .1895441   .0249187   .9144095
skill_s_rank |         63    .4765344    .2480363   .0119177    .984832

----------------------------------------------------------------------------------------------------------------------------------------------------------------------------------------------------------------------------------------------
-> groups_broad_teach = Fire, Police, and Guards

    Variable |        Obs        Mean    Std. dev.       Min        Max
-------------+---------------------------------------------------------
skill_v_rank |         28     .462738    .2661873   .0032503   .8472373
skill_m_rank |         28    .4081025     .260845   .0032503   .8624052
skill_s_rank |         28    .6700975    .2169729   .2004334   .9729144

----------------------------------------------------------------------------------------------------------------------------------------------------------------------------------------------------------------------------------------------
-> groups_broad_teach = Food, Cleaning, and Personal Services and Private Household

    Variable |        Obs        Mean    Std. dev.       Min        Max
-------------+---------------------------------------------------------
skill_v_rank |         49    .1940213    .1904557   .0043337   .8732395
skill_m_rank |         49    .1888031    .1942857   .0054171   .7908992
skill_s_rank |         49    .4975789    .2835587   .0455038   .9631636

----------------------------------------------------------------------------------------------------------------------------------------------------------------------------------------------------------------------------------------------
-> groups_broad_teach = Farm, Related Agrigulture, Logging, and Extraction

    Variable |        Obs        Mean    Std. dev.       Min        Max
-------------+---------------------------------------------------------
skill_v_rank |         30    .3170459    .2519475   .0010834   .9133261
skill_m_rank |         30    .3758035    .2720181   .0010834   .9046587
skill_s_rank |         30    .3791983     .291295   .0065005   .9219935

----------------------------------------------------------------------------------------------------------------------------------------------------------------------------------------------------------------------------------------------
-> groups_broad_teach = Mechanics and Construction

    Variable |        Obs        Mean    Std. dev.       Min        Max
-------------+---------------------------------------------------------
skill_v_rank |         98     .421098    .2405294   .0184182   .9274106
skill_m_rank |         98    .4748491    .2309157   .0151679   .9111593
skill_s_rank |         98    .2610498    .1722905   .0260022   .8223186

----------------------------------------------------------------------------------------------------------------------------------------------------------------------------------------------------------------------------------------------
-> groups_broad_teach = Precision Manufacturing

    Variable |        Obs        Mean    Std. dev.       Min        Max
-------------+---------------------------------------------------------
skill_v_rank |         41     .328753    .2096033   .0065005    .808234
skill_m_rank |         41    .3955553    .2201753   .0184182   .8093175
skill_s_rank |         41    .2718601    .2336865   .0184182   .8949079

----------------------------------------------------------------------------------------------------------------------------------------------------------------------------------------------------------------------------------------------
-> groups_broad_teach = Manufacturing Operators

    Variable |        Obs        Mean    Std. dev.       Min        Max
-------------+---------------------------------------------------------
skill_v_rank |         58    .2807375    .2026237   .0054171   .8039003
skill_m_rank |         58    .3309299    .2293822   .0065005   .8374864
skill_s_rank |         58    .1460941    .1166023   .0032503    .595883

----------------------------------------------------------------------------------------------------------------------------------------------------------------------------------------------------------------------------------------------
-> groups_broad_teach = Fabricators, Inspectors, and Material Handlers

    Variable |        Obs        Mean    Std. dev.       Min        Max
-------------+---------------------------------------------------------
skill_v_rank |         22    .2378607    .2033628   .0216685   .7594799
skill_m_rank |         22    .2655865    .2194243    .028169    .795233
skill_s_rank |         22     .145819    .1320726   .0086674   .4918743

----------------------------------------------------------------------------------------------------------------------------------------------------------------------------------------------------------------------------------------------
-> groups_broad_teach = Vehicle Operators

    Variable |        Obs        Mean    Std. dev.       Min        Max
-------------+---------------------------------------------------------
skill_v_rank |         26    .3234436    .1697872   .0964247   .7659805
skill_m_rank |         26    .3574881    .1752896   .1592633   .7984832
skill_s_rank |         26    .3487374    .2255532   .0021668   .9176598

----------------------------------------------------------------------------------------------------------------------------------------------------------------------------------------------------------------------------------------------
-> groups_broad_teach = Kindergarten - Secondary Teachers

    Variable |        Obs        Mean    Std. dev.       Min        Max
-------------+---------------------------------------------------------
skill_v_rank |         10    .5509209    .2114088   .1690141   .7757313
skill_m_rank |         10    .4895991    .2280803   .1083424   .7323943
skill_s_rank |         10    .8550379    .1193098   .5471289   .9609967

----------------------------------------------------------------------------------------------------------------------------------------------------------------------------------------------------------------------------------------------
-> groups_broad_teach = .

    Variable |        Obs        Mean    Std. dev.       Min        Max
-------------+---------------------------------------------------------
skill_v_rank |        115    .5362287    .2968915   .0108342   .9588299
skill_m_rank |        115    .5264026    .2938949   .0216685   .9609967
skill_s_rank |        115    .5360874    .2874705   .0010834   .9978331


. 
. log close
      name:  <unnamed>
       log:  C:\Users\iuliia\Desktop\occup_spec_ability\skill_requirements_groups.log
  log type:  text
 closed on:  11 Mar 2022, 12:38:42
----------------------------------------------------------------------------------------------------------------------------------------------------------------------------------------------------------------------------------------------
